#
# A fatal error has been detected by the Java Runtime Environment:
#
#  EXCEPTION_ACCESS_VIOLATION (0xc0000005) at pc=0x00007ffff25a7e98, pid=3404, tid=5460
#
# JRE version: OpenJDK Runtime Environment Temurin-21.0.6+7 (21.0.6+7) (build 21.0.6+7-LTS)
# Java VM: OpenJDK 64-Bit Server VM Temurin-21.0.6+7 (21.0.6+7-LTS, mixed mode, emulated-client, sharing, tiered, compressed oops, compressed class ptrs, g1 gc, windows-amd64)
# Problematic frame:
# V  [jvm.dll+0x357e98]
#
# No core dump will be written. Minidumps are not enabled by default on client versions of Windows
#
# If you would like to submit a bug report, please visit:
#   https://github.com/adoptium/adoptium-support/issues
#

---------------  S U M M A R Y ------------

Command Line: -XX:+ShowCodeDetailsInExceptionMessages -agentlib:jdwp=transport=dt_socket,suspend=y,address=localhost:58490 -Dcom.sun.management.jmxremote -Dcom.sun.management.jmxremote.port=58489 -Dcom.sun.management.jmxremote.authenticate=false -Dcom.sun.management.jmxremote.ssl=false -Djava.rmi.server.hostname=localhost -Dspring.jmx.enabled=true -Dmanagement.endpoints.jmx.exposure.include=* -Dspring.application.admin.enabled=true -Dspring.output.ansi.enabled=always -XX:TieredStopAtLevel=1 -Dspring.boot.project.name=user-service -javaagent:C:\sts-4.22.0.RELEASE\configuration\org.eclipse.osgi\809\0\.cp\lib\javaagent-shaded.jar -Dfile.encoding=UTF-8 -Dstdout.encoding=UTF-8 -Dstderr.encoding=UTF-8 com.example.library.user.UserServiceApplication

Host: Intel(R) Core(TM) i5-10300H CPU @ 2.50GHz, 8 cores, 7G,  Windows 11 , 64 bit Build 26100 (10.0.26100.7705)
Time: Sun Feb  1 18:23:49 2026 India Standard Time elapsed time: 1405.105937 seconds (0d 0h 23m 25s)

---------------  T H R E A D  ---------------

Current thread (0x000002f06b3f1300):  WorkerThread "GC Thread#2"    [id=5460, stack(0x000000f5b7f00000,0x000000f5b8000000) (1024K)]

Stack: [0x000000f5b7f00000,0x000000f5b8000000],  sp=0x000000f5b7ffdd70,  free space=1015k
Native frames: (J=compiled Java code, j=interpreted, Vv=VM code, C=native code)
V  [jvm.dll+0x357e98]
V  [jvm.dll+0x3663a4]
V  [jvm.dll+0x314c1b]
V  [jvm.dll+0x31466d]
V  [jvm.dll+0x3eedf5]
V  [jvm.dll+0x8522d6]
V  [jvm.dll+0x85c131]
V  [jvm.dll+0x366a9a]
V  [jvm.dll+0x36692a]
V  [jvm.dll+0x36e1e4]
V  [jvm.dll+0x36e35b]
V  [jvm.dll+0x8d62a7]
V  [jvm.dll+0x851f8b]
V  [jvm.dll+0x6cc5ed]
C  [ucrtbase.dll+0x37b0]
C  [KERNEL32.DLL+0x2e8d7]
C  [ntdll.dll+0x8c40c]

JavaThread 0x000002f06e3d4e70 (nid = 17244) was being processed
Java frames: (J=compiled Java code, j=interpreted, Vv=VM code)
j  java.lang.invoke.DirectMethodHandle$Holder.newInvokeSpecial(Ljava/lang/Object;)Ljava/lang/Object;+15 java.base@21.0.6
J 892 c1 jdk.internal.reflect.DirectConstructorHandleAccessor.newInstance([Ljava/lang/Object;)Ljava/lang/Object; java.base@21.0.6 (130 bytes) @ 0x000002f05e10c334 [0x000002f05e10c160+0x00000000000001d4]
J 891 c1 java.lang.reflect.Constructor.newInstanceWithCaller([Ljava/lang/Object;ZLjava/lang/Class;)Ljava/lang/Object; java.base@21.0.6 (51 bytes) @ 0x000002f05e10ae3c [0x000002f05e10ad60+0x00000000000000dc]
J 3569 c1 org.springframework.beans.BeanUtils.instantiateClass(Ljava/lang/reflect/Constructor;[Ljava/lang/Object;)Ljava/lang/Object; (208 bytes) @ 0x000002f05e6b77ec [0x000002f05e6b7280+0x000000000000056c]
J 7997 c1 org.springframework.beans.factory.support.SimpleInstantiationStrategy.instantiate(Lorg/springframework/beans/factory/support/RootBeanDefinition;Ljava/lang/String;Lorg/springframework/beans/factory/BeanFactory;)Ljava/lang/Object; (123 bytes) @ 0x000002f05e8b58c4 [0x000002f05e8b5420+0x00000000000004a4]
J 7996 c1 org.springframework.beans.factory.support.AbstractAutowireCapableBeanFactory.instantiateBean(Ljava/lang/String;Lorg/springframework/beans/factory/support/RootBeanDefinition;)Lorg/springframework/beans/BeanWrapper; (51 bytes) @ 0x000002f05e0e39ec [0x000002f05e0e3940+0x00000000000000ac]
J 6957 c1 org.springframework.beans.factory.support.AbstractAutowireCapableBeanFactory.createBeanInstance(Ljava/lang/String;Lorg/springframework/beans/factory/support/RootBeanDefinition;[Ljava/lang/Object;)Lorg/springframework/beans/BeanWrapper; (245 bytes) @ 0x000002f05ec7e254 [0x000002f05ec7dc40+0x0000000000000614]
J 6956 c1 org.springframework.beans.factory.support.AbstractAutowireCapableBeanFactory.doCreateBean(Ljava/lang/String;Lorg/springframework/beans/factory/support/RootBeanDefinition;[Ljava/lang/Object;)Ljava/lang/Object; (465 bytes) @ 0x000002f05ec82024 [0x000002f05ec81e80+0x00000000000001a4]
J 6955 c1 org.springframework.beans.factory.support.AbstractAutowireCapableBeanFactory.createBean(Ljava/lang/String;Lorg/springframework/beans/factory/support/RootBeanDefinition;[Ljava/lang/Object;)Ljava/lang/Object; (214 bytes) @ 0x000002f05ec7b18c [0x000002f05ec7acc0+0x00000000000004cc]
J 6965 c1 org.springframework.beans.factory.support.AbstractBeanFactory$$Lambda+0x000002f00129bd10.getObject()Ljava/lang/Object; (20 bytes) @ 0x000002f05ec7feac [0x000002f05ec7fe20+0x000000000000008c]
J 6964 c1 org.springframework.beans.factory.support.DefaultSingletonBeanRegistry.getSingleton(Ljava/lang/String;Lorg/springframework/beans/factory/ObjectFactory;)Ljava/lang/Object; (1299 bytes) @ 0x000002f05ec877ac [0x000002f05ec86600+0x00000000000011ac]
J 3257 c1 org.springframework.beans.factory.support.AbstractBeanFactory.doGetBean(Ljava/lang/String;Ljava/lang/Class;[Ljava/lang/Object;Z)Ljava/lang/Object; (791 bytes) @ 0x000002f05e62cff4 [0x000002f05e62c9a0+0x0000000000000654]
J 7590 c1 org.springframework.beans.factory.support.DefaultListableBeanFactory.doResolveDependency(Lorg/springframework/beans/factory/config/DependencyDescriptor;Ljava/lang/String;Ljava/util/Set;Lorg/springframework/beans/TypeConverter;)Ljava/lang/Object; (683 bytes) @ 0x000002f05ed97524 [0x000002f05ed95a00+0x0000000000001b24]
J 7573 c1 org.springframework.beans.factory.support.DefaultListableBeanFactory.resolveDependency(Lorg/springframework/beans/factory/config/DependencyDescriptor;Ljava/lang/String;Ljava/util/Set;Lorg/springframework/beans/TypeConverter;)Ljava/lang/Object; (121 bytes) @ 0x000002f05ed8c5c4 [0x000002f05ed8c400+0x00000000000001c4]
j  org.springframework.beans.factory.annotation.AutowiredAnnotationBeanPostProcessor$AutowiredFieldElement.resolveFieldValue(Ljava/lang/reflect/Field;Ljava/lang/Object;Ljava/lang/String;)Ljava/lang/Object;+81
j  org.springframework.beans.factory.annotation.AutowiredAnnotationBeanPostProcessor$AutowiredFieldElement.inject(Ljava/lang/Object;Ljava/lang/String;Lorg/springframework/beans/PropertyValues;)V+74
J 6057 c1 org.springframework.beans.factory.annotation.InjectionMetadata.inject(Ljava/lang/Object;Ljava/lang/String;Lorg/springframework/beans/PropertyValues;)V (75 bytes) @ 0x000002f05eaed8bc [0x000002f05eaed780+0x000000000000013c]
J 7047 c1 org.springframework.beans.factory.annotation.AutowiredAnnotationBeanPostProcessor.postProcessProperties(Lorg/springframework/beans/PropertyValues;Ljava/lang/Object;Ljava/lang/String;)Lorg/springframework/beans/PropertyValues; (46 bytes) @ 0x000002f05ecb4c14 [0x000002f05ecb4b60+0x00000000000000b4]
J 6260 c1 org.springframework.beans.factory.support.AbstractAutowireCapableBeanFactory.populateBean(Ljava/lang/String;Lorg/springframework/beans/factory/support/RootBeanDefinition;Lorg/springframework/beans/BeanWrapper;)V (355 bytes) @ 0x000002f05eb43d9c [0x000002f05eb43280+0x0000000000000b1c]
J 6956 c1 org.springframework.beans.factory.support.AbstractAutowireCapableBeanFactory.doCreateBean(Ljava/lang/String;Lorg/springframework/beans/factory/support/RootBeanDefinition;[Ljava/lang/Object;)Ljava/lang/Object; (465 bytes) @ 0x000002f05ec82474 [0x000002f05ec81e80+0x00000000000005f4]
J 6955 c1 org.springframework.beans.factory.support.AbstractAutowireCapableBeanFactory.createBean(Ljava/lang/String;Lorg/springframework/beans/factory/support/RootBeanDefinition;[Ljava/lang/Object;)Ljava/lang/Object; (214 bytes) @ 0x000002f05ec7b18c [0x000002f05ec7acc0+0x00000000000004cc]
J 6965 c1 org.springframework.beans.factory.support.AbstractBeanFactory$$Lambda+0x000002f00129bd10.getObject()Ljava/lang/Object; (20 bytes) @ 0x000002f05ec7feac [0x000002f05ec7fe20+0x000000000000008c]
J 6964 c1 org.springframework.beans.factory.support.DefaultSingletonBeanRegistry.getSingleton(Ljava/lang/String;Lorg/springframework/beans/factory/ObjectFactory;)Ljava/lang/Object; (1299 bytes) @ 0x000002f05ec877ac [0x000002f05ec86600+0x00000000000011ac]
J 3257 c1 org.springframework.beans.factory.support.AbstractBeanFactory.doGetBean(Ljava/lang/String;Ljava/lang/Class;[Ljava/lang/Object;Z)Ljava/lang/Object; (791 bytes) @ 0x000002f05e62cff4 [0x000002f05e62c9a0+0x0000000000000654]
J 7564 c1 org.springframework.beans.factory.support.DefaultListableBeanFactory.instantiateSingleton(Ljava/lang/String;)V (56 bytes) @ 0x000002f05ed88a1c [0x000002f05ed88600+0x000000000000041c]
J 7411 c1 org.springframework.beans.factory.support.DefaultListableBeanFactory.preInstantiateSingleton(Ljava/lang/String;Lorg/springframework/beans/factory/support/RootBeanDefinition;)Ljava/util/concurrent/CompletableFuture; (165 bytes) @ 0x000002f05ed4b91c [0x000002f05ed4b680+0x000000000000029c]
j  org.springframework.beans.factory.support.DefaultListableBeanFactory.preInstantiateSingletons()V+130
j  org.springframework.context.support.AbstractApplicationContext.finishBeanFactoryInitialization(Lorg/springframework/beans/factory/config/ConfigurableListableBeanFactory;)V+290
j  org.springframework.context.support.AbstractApplicationContext.refresh()V+94
j  org.springframework.boot.web.server.servlet.context.ServletWebServerApplicationContext.refresh()V+1
j  org.springframework.boot.SpringApplication.refresh(Lorg/springframework/context/ConfigurableApplicationContext;)V+1
j  org.springframework.boot.SpringApplication.refreshContext(Lorg/springframework/context/ConfigurableApplicationContext;)V+19
j  org.springframework.boot.SpringApplication.run([Ljava/lang/String;)Lorg/springframework/context/ConfigurableApplicationContext;+113
j  org.springframework.boot.SpringApplication.run([Ljava/lang/Class;[Ljava/lang/String;)Lorg/springframework/context/ConfigurableApplicationContext;+9
j  org.springframework.boot.SpringApplication.run(Ljava/lang/Class;[Ljava/lang/String;)Lorg/springframework/context/ConfigurableApplicationContext;+9
j  com.example.library.user.UserServiceApplication.main([Ljava/lang/String;)V+3
j  java.lang.invoke.LambdaForm$DMH+0x000002f001004c00.invokeStatic(Ljava/lang/Object;Ljava/lang/Object;)V+10 java.base@21.0.6
j  java.lang.invoke.LambdaForm$MH+0x000002f00100a400.invoke(Ljava/lang/Object;Ljava/lang/Object;Ljava/lang/Object;)Ljava/lang/Object;+33 java.base@21.0.6
J 4593 c1 jdk.internal.reflect.DirectMethodHandleAccessor.invoke(Ljava/lang/Object;[Ljava/lang/Object;)Ljava/lang/Object; java.base@21.0.6 (92 bytes) @ 0x000002f05e86451c [0x000002f05e8641c0+0x000000000000035c]
J 4632 c1 java.lang.reflect.Method.invoke(Ljava/lang/Object;[Ljava/lang/Object;)Ljava/lang/Object; java.base@21.0.6 (108 bytes) @ 0x000002f05e86fff4 [0x000002f05e86fe00+0x00000000000001f4]
j  org.springframework.boot.devtools.restart.RestartLauncher.run()V+47
v  ~StubRoutines::call_stub 0x000002f05de0100d

siginfo: EXCEPTION_ACCESS_VIOLATION (0xc0000005), reading address 0xffffffffffffffff


Registers:
RAX=0xb67e26d9e9abc5fd, RBX=0x0000000000000001, RCX=0x00000000000f533c, RDX=0x00000000000f533c
RSP=0x000000f5b7ffdd70, RBP=0x0000000000000000, RSI=0x000000f5b7ffe110, RDI=0x000000f5b64fc300
R8 =0x000002f05a48c860, R9 =0x000000000e56af00, R10=0x000002f05de00000, R11=0x000000f5b7ffdfb8
R12=0x000000000e56af00, R13=0x000000f5b64fc300, R14=0x000002f06e3da590, R15=0x000002f00072b567
RIP=0x00007ffff25a7e98, EFLAGS=0x0000000000010207

XMM[0]=0x3b3b3b3b3b3b3b3b 0x3b3b3b3b3b3b3b3b
XMM[1]=0x0000000000000000 0x00000000000000ff
XMM[2]=0x0000000000000000 0x0000000000000000
XMM[3]=0x0000000000000000 0x4095f45912b360eb
XMM[4]=0x0000000000000000 0x0000000000000000
XMM[5]=0x0000000000000000 0x0000000000000000
XMM[6]=0x0000000000000000 0x0000000000000000
XMM[7]=0x0000000000000000 0x0000000000000000
XMM[8]=0x0000000000000000 0x0000000000000000
XMM[9]=0x0000000000000000 0x0000000000000000
XMM[10]=0x0000000000000000 0x0000000000000000
XMM[11]=0x0000000000000000 0x0000000000000000
XMM[12]=0x0000000000000000 0x0000000000000000
XMM[13]=0x0000000000000000 0x0000000000000000
XMM[14]=0x0000000000000000 0x0000000000000000
XMM[15]=0x0000000000000000 0x0000000000000000
  MXCSR=0x00001fa0


Register to memory mapping:

RAX=0xb67e26d9e9abc5fd is an unknown value
RBX=0x0000000000000001 is an unknown value
RCX=0x00000000000f533c is an unknown value
RDX=0x00000000000f533c is an unknown value
RSP=0x000000f5b7ffdd70 points into unknown readable memory: 0x0000000000000000 | 00 00 00 00 00 00 00 00
RBP=0x0 is null
RSI=0x000000f5b7ffe110 points into unknown readable memory: 0x000000f5b64fc2f8 | f8 c2 4f b6 f5 00 00 00
RDI=0x000000f5b64fc300 is pointing into the stack for thread: 0x000002f06e3d4e70
R8 =0x000002f05a48c860 points into unknown readable memory: 0x00007ffff2c748e0 | e0 48 c7 f2 ff 7f 00 00
R9 =0x000000000e56af00 is an unknown value
R10=0x000002f05de00000 points into unknown readable memory: 0x0000000000000006 | 06 00 00 00 00 00 00 00
R11=0x000000f5b7ffdfb8 points into unknown readable memory: 0x00007ffff256466d | 6d 46 56 f2 ff 7f 00 00
R12=0x000000000e56af00 is an unknown value
R13=0x000000f5b64fc300 is pointing into the stack for thread: 0x000002f06e3d4e70
R14=0x000002f06e3da590 points into unknown readable memory: 0x00007ffff2c7bc18 | 18 bc c7 f2 ff 7f 00 00
R15=0x000002f00072b567 is pointing into metadata

Top of Stack: (sp=0x000000f5b7ffdd70)
0x000000f5b7ffdd70:   0000000000000000 0000000000000004
0x000000f5b7ffdd80:   000002f06e3da310 0000000000000007
0x000000f5b7ffdd90:   000000f5b7ffdeb0 000000f5b7ffdf30
0x000000f5b7ffdda0:   000000f5b64fc300 b67e26d9e9abc5fd
0x000000f5b7ffddb0:   000000000000012f 00007ffff290c1b2
0x000000f5b7ffddc0:   000002f06e3a7d98 0000000000000000
0x000000f5b7ffddd0:   000002f06b3178e0 000002f06b1eaa10
0x000000f5b7ffdde0:   000002f0005427e8 000000f5b64fc300
0x000000f5b7ffddf0:   000000f5b7ffe110 000000f5b7ffdf40
0x000000f5b7ffde00:   000002f06e3a7d98 00007ffff25b63a4
0x000000f5b7ffde10:   000000f5b7ff0013 000000f5b7ff0100
0x000000f5b7ffde20:   000002f000480090 0000000000000000
0x000000f5b7ffde30:   000002f06e3a7d98 00007ffff2564c1b
0x000000f5b7ffde40:   0000000000000001 000002f0000b5bd0
0x000000f5b7ffde50:   000002f06e3a7d98 000000f5b7ffe110
0x000000f5b7ffde60:   0000000f5e473f01 000002f0000b5bd0
0x000000f5b7ffde70:   000002f06b3f1300 000002f000000003
0x000000f5b7ffde80:   00000000000003d8 000002f06b1eaa20
0x000000f5b7ffde90:   000002f06b1eadf8 000002f00072b567
0x000000f5b7ffdea0:   000002f0000000b8 000002f0000b5bd0
0x000000f5b7ffdeb0:   00007ffff2c73180 000000f5b7ffe110
0x000000f5b7ffdec0:   000002f06e3a7d98 0000000400000003
0x000000f5b7ffded0:   000002f0005427e8 0000001300000001
0x000000f5b7ffdee0:   0000000000000032 000000010000000c
0x000000f5b7ffdef0:   000002f000480090 0000000000000000
0x000000f5b7ffdf00:   000002f06e1253ac 000002f000000002
0x000000f5b7ffdf10:   0000000300000001 0000ffff09b04d00
0x000000f5b7ffdf20:   00007ffff2aab120 000000f5b6cff408
0x000000f5b7ffdf30:   000002f000017358 0000000600000013
0x000000f5b7ffdf40:   000000f500000000 0000000000000015
0x000000f5b7ffdf50:   000002f06e3a7d98 00007ffff25b63fe
0x000000f5b7ffdf60:   0000000000000000 000000f500000003 

Instructions: (pc=0x00007ffff25a7e98)
0x00007ffff25a7d98:   55 41 56 41 57 48 83 ec 58 80 3d 72 28 8d 00 00
0x00007ffff25a7da8:   49 8b f9 4d 8b e8 0f b7 da 4c 8b f1 74 16 45 8b
0x00007ffff25a7db8:   78 08 8b 0d f8 11 8d 00 49 d3 e7 4c 03 3d e6 11
0x00007ffff25a7dc8:   8d 00 eb 04 4d 8b 78 08 49 8b d7 49 8b cd e8 15
0x00007ffff25a7dd8:   47 cb ff 4c 8b e0 48 89 7c 24 30 33 c0 8b e8 0f
0x00007ffff25a7de8:   b7 c3 66 c1 e8 08 66 89 84 24 a0 00 00 00 84 c0
0x00007ffff25a7df8:   75 52 48 8b cf 83 e1 03 83 3d 51 2e 8d 00 02 75
0x00007ffff25a7e08:   09 48 83 f9 02 0f 94 c1 eb 05 f6 d1 80 e1 01 84
0x00007ffff25a7e18:   c9 75 05 48 8b ef eb 12 48 8d 54 24 40 48 8d 4c
0x00007ffff25a7e28:   24 30 e8 c1 d8 2f 00 48 8b 28 48 c1 ed 03 83 e5
0x00007ffff25a7e38:   0f 41 3b ae 80 01 00 00 73 0a 66 89 9c 24 a8 00
0x00007ffff25a7e48:   00 00 eb 12 66 c7 84 24 a8 00 00 00 00 01 0f b7
0x00007ffff25a7e58:   9c 24 a8 00 00 00 4d 8b 46 08 49 8b d5 66 c1 eb
0x00007ffff25a7e68:   08 41 8b 88 18 02 00 00 49 8b 80 10 02 00 00 48
0x00007ffff25a7e78:   d3 e0 8b 0d d0 e4 93 00 48 2b d0 49 8b 80 f8 01
0x00007ffff25a7e88:   00 00 48 d3 ea 8b ca 48 8b 04 c8 48 89 44 24 38
0x00007ffff25a7e98:   44 8b 80 8c 00 00 00 48 0f be c3 48 6b c8 38 49
0x00007ffff25a7ea8:   8b 46 70 44 89 84 24 b0 00 00 00 48 8b 54 01 10
0x00007ffff25a7eb8:   84 db 75 04 4a 8d 14 c2 48 8b 0a 48 8b 71 30 48
0x00007ffff25a7ec8:   8b 41 38 48 2b c6 48 c1 e8 03 49 3b c4 72 74 4a
0x00007ffff25a7ed8:   8d 1c e5 00 00 00 00 48 89 9c 24 b8 00 00 00 48
0x00007ffff25a7ee8:   8d 04 33 48 89 41 30 48 85 f6 74 67 4d 8b c4 48
0x00007ffff25a7ef8:   8b d6 49 8b cd e8 de 30 cb ff 48 8b ce 48 8b c7
0x00007ffff25a7f08:   48 83 c9 03 f0 49 0f b1 4d 00 48 8b d8 0f 84 81
0x00007ffff25a7f18:   00 00 00 48 83 e3 fc 74 7b 8b 84 24 b0 00 00 00
0x00007ffff25a7f28:   4d 8b cc 0f b7 94 24 a8 00 00 00 4c 8b c6 49 8b
0x00007ffff25a7f38:   4e 70 89 44 24 20 e8 8d 36 fc ff 48 8b c3 e9 34
0x00007ffff25a7f48:   03 00 00 4a 8d 04 e5 00 00 00 00 48 89 84 24 b8
0x00007ffff25a7f58:   00 00 00 44 89 44 24 28 48 8d 94 24 a8 00 00 00
0x00007ffff25a7f68:   4d 8b c5 89 6c 24 20 4d 8b cc 49 8b ce e8 c6 fb
0x00007ffff25a7f78:   ff ff 48 8b f0 48 85 c0 0f 85 6e ff ff ff 4d 8b
0x00007ffff25a7f88:   cc 4c 8b c7 49 8b d5 49 8b ce e8 b9 06 00 00 e9 


Stack slot to memory mapping:

stack at sp + 0 slots: 0x0 is null
stack at sp + 1 slots: 0x0000000000000004 is an unknown value
stack at sp + 2 slots: 0x000002f06e3da310 points into unknown readable memory: 0x00007ffff2c7bc18 | 18 bc c7 f2 ff 7f 00 00
stack at sp + 3 slots: 0x0000000000000007 is an unknown value
stack at sp + 4 slots: 0x000000f5b7ffdeb0 points into unknown readable memory: 0x00007ffff2c73180 | 80 31 c7 f2 ff 7f 00 00
stack at sp + 5 slots: 0x000000f5b7ffdf30 points into unknown readable memory: 0x000002f000017358 | 58 73 01 00 f0 02 00 00
stack at sp + 6 slots: 0x000000f5b64fc300 is pointing into the stack for thread: 0x000002f06e3d4e70
stack at sp + 7 slots: 0xb67e26d9e9abc5fd is an unknown value


---------------  P R O C E S S  ---------------

Threads class SMR info:
_java_thread_list=0x000002f06b3a2070, length=27, elements={
0x000002f065a66610, 0x000002f065a67060, 0x000002f0660d95d0, 0x000002f065a6ad80,
0x000002f0660e2070, 0x000002f0660e2ac0, 0x000002f0660e3cd0, 0x000002f066178730,
0x000002f06622a7a0, 0x000002f06624e6d0, 0x000002f066250d60, 0x000002f06b1eb2c0,
0x000002f06b3c9100, 0x000002f06b3c9df0, 0x000002f06b3f0ca0, 0x000002f06b4e3e00,
0x000002f06b4e5080, 0x000002f06b4fef90, 0x000002f06b9c7a60, 0x000002f06e3d82f0,
0x000002f06e3d47e0, 0x000002f06e3d68b0, 0x000002f06e3d4e70, 0x000002f06e3d2080,
0x000002f06e3d3430, 0x000002f06e3d5500, 0x000002f06e3d3ac0
}

Java Threads: ( => current thread )
  0x000002f065a66610 JavaThread "Reference Handler"          daemon [_thread_blocked, id=15280, stack(0x000000f5b6d00000,0x000000f5b6e00000) (1024K)]
  0x000002f065a67060 JavaThread "Finalizer"                  daemon [_thread_blocked, id=13288, stack(0x000000f5b6e00000,0x000000f5b6f00000) (1024K)]
  0x000002f0660d95d0 JavaThread "Signal Dispatcher"          daemon [_thread_blocked, id=24344, stack(0x000000f5b6f00000,0x000000f5b7000000) (1024K)]
  0x000002f065a6ad80 JavaThread "Attach Listener"            daemon [_thread_blocked, id=19932, stack(0x000000f5b7000000,0x000000f5b7100000) (1024K)]
  0x000002f0660e2070 JavaThread "Service Thread"             daemon [_thread_blocked, id=18636, stack(0x000000f5b7100000,0x000000f5b7200000) (1024K)]
  0x000002f0660e2ac0 JavaThread "Monitor Deflation Thread"   daemon [_thread_blocked, id=20028, stack(0x000000f5b7200000,0x000000f5b7300000) (1024K)]
  0x000002f0660e3cd0 JavaThread "C1 CompilerThread0"         daemon [_thread_blocked, id=9900, stack(0x000000f5b7300000,0x000000f5b7400000) (1024K)]
  0x000002f066178730 JavaThread "Common-Cleaner"             daemon [_thread_blocked, id=2692, stack(0x000000f5b7400000,0x000000f5b7500000) (1024K)]
  0x000002f06622a7a0 JavaThread "JDWP Transport Listener: dt_socket" daemon [_thread_blocked, id=28084, stack(0x000000f5b7600000,0x000000f5b7700000) (1024K)]
  0x000002f06624e6d0 JavaThread "JDWP Event Helper Thread"   daemon [_thread_blocked, id=22992, stack(0x000000f5b7700000,0x000000f5b7800000) (1024K)]
  0x000002f066250d60 JavaThread "JDWP Command Reader"        daemon [_thread_in_native, id=27340, stack(0x000000f5b7800000,0x000000f5b7900000) (1024K)]
  0x000002f06b1eb2c0 JavaThread "Notification Thread"        daemon [_thread_blocked, id=20780, stack(0x000000f5b7900000,0x000000f5b7a00000) (1024K)]
  0x000002f06b3c9100 JavaThread "RMI TCP Accept-0"           daemon [_thread_in_native, id=15412, stack(0x000000f5b7b00000,0x000000f5b7c00000) (1024K)]
  0x000002f06b3c9df0 JavaThread "RMI TCP Accept-58489"       daemon [_thread_in_native, id=17220, stack(0x000000f5b7c00000,0x000000f5b7d00000) (1024K)]
  0x000002f06b3f0ca0 JavaThread "RMI TCP Accept-0"           daemon [_thread_in_native, id=11508, stack(0x000000f5b7d00000,0x000000f5b7e00000) (1024K)]
  0x000002f06b4e3e00 JavaThread "RMI Scheduler(0)"           daemon [_thread_blocked, id=7544, stack(0x000000f5b8600000,0x000000f5b8700000) (1024K)]
  0x000002f06b4e5080 JavaThread "RMI TCP Connection(idle)"   daemon [_thread_blocked, id=3876, stack(0x000000f5b8700000,0x000000f5b8800000) (1024K)]
  0x000002f06b4fef90 JavaThread "JMX server connection timeout 38" daemon [_thread_blocked, id=1072, stack(0x000000f5b8800000,0x000000f5b8900000) (1024K)]
  0x000002f06b9c7a60 JavaThread "mysql-cj-abandoned-connection-cleanup" daemon [_thread_blocked, id=13876, stack(0x000000f5b9000000,0x000000f5b9100000) (1024K)]
  0x000002f06e3d82f0 JavaThread "DestroyJavaVM"                     [_thread_blocked, id=7096, stack(0x000000f5b6500000,0x000000f5b6600000) (1024K)]
  0x000002f06e3d47e0 JavaThread "File Watcher"               daemon [_thread_blocked, id=27616, stack(0x000000f5b6300000,0x000000f5b6400000) (1024K)]
  0x000002f06e3d68b0 JavaThread "Thread-20"                         [_thread_blocked, id=28116, stack(0x000000f5b6200000,0x000000f5b6300000) (1024K)]
  0x000002f06e3d4e70 JavaThread "restartedMain"                     [_thread_blocked, id=17244, stack(0x000000f5b6400000,0x000000f5b6500000) (1024K)]
  0x000002f06e3d2080 JavaThread "Catalina-utility-1"                [_thread_blocked, id=13004, stack(0x000000f5b7a00000,0x000000f5b7b00000) (1024K)]
  0x000002f06e3d3430 JavaThread "Catalina-utility-2"                [_thread_blocked, id=28328, stack(0x000000f5b8500000,0x000000f5b8600000) (1024K)]
  0x000002f06e3d5500 JavaThread "container-1"                       [_thread_blocked, id=21320, stack(0x000000f5b8900000,0x000000f5b8a00000) (1024K)]
  0x000002f06e3d3ac0 JavaThread "HikariPool-6:housekeeper"   daemon [_thread_blocked, id=20156, stack(0x000000f5b8a00000,0x000000f5b8b00000) (1024K)]
Total: 27

Other Threads:
  0x000002f065a47df0 VMThread "VM Thread"                           [id=21060, stack(0x000000f5b6c00000,0x000000f5b6d00000) (1024K)]
  0x000002f065a30e10 WatcherThread "VM Periodic Task Thread"        [id=15720, stack(0x000000f5b6b00000,0x000000f5b6c00000) (1024K)]
  0x000002f05a4d0ab0 WorkerThread "GC Thread#0"                     [id=20108, stack(0x000000f5b6600000,0x000000f5b6700000) (1024K)]
  0x000002f05a47b700 WorkerThread "GC Thread#1"                     [id=22932, stack(0x000000f5b7e00000,0x000000f5b7f00000) (1024K)]
=>0x000002f06b3f1300 WorkerThread "GC Thread#2"                     [id=5460, stack(0x000000f5b7f00000,0x000000f5b8000000) (1024K)]
  0x000002f06b3ffaf0 WorkerThread "GC Thread#3"                     [id=21800, stack(0x000000f5b8000000,0x000000f5b8100000) (1024K)]
  0x000002f06b3fe5a0 WorkerThread "GC Thread#4"                     [id=19836, stack(0x000000f5b8100000,0x000000f5b8200000) (1024K)]
  0x000002f06b44e440 WorkerThread "GC Thread#5"                     [id=13364, stack(0x000000f5b8200000,0x000000f5b8300000) (1024K)]
  0x000002f06b450c10 WorkerThread "GC Thread#6"                     [id=25592, stack(0x000000f5b8300000,0x000000f5b8400000) (1024K)]
  0x000002f06b450fb0 WorkerThread "GC Thread#7"                     [id=18576, stack(0x000000f5b8400000,0x000000f5b8500000) (1024K)]
  0x000002f05a521010 ConcurrentGCThread "G1 Main Marker"            [id=24000, stack(0x000000f5b6700000,0x000000f5b6800000) (1024K)]
  0x000002f05a521a20 WorkerThread "G1 Conc#0"                       [id=26040, stack(0x000000f5b6800000,0x000000f5b6900000) (1024K)]
  0x000002f06ba34cf0 WorkerThread "G1 Conc#1"                       [id=13964, stack(0x000000f5b8d00000,0x000000f5b8e00000) (1024K)]
  0x000002f065902850 ConcurrentGCThread "G1 Refine#0"               [id=10780, stack(0x000000f5b6900000,0x000000f5b6a00000) (1024K)]
  0x000002f0659032d0 ConcurrentGCThread "G1 Service"                [id=2844, stack(0x000000f5b6a00000,0x000000f5b6b00000) (1024K)]
Total: 15

Threads with active compile tasks:
Total: 0

VM state: at safepoint (normal execution)

VM Mutex/Monitor currently owned by a thread:  ([mutex/lock_event])
[0x00007ffff2efe380] Threads_lock - owner thread: 0x000002f065a47df0
[0x00007ffff2efe480] Heap_lock - owner thread: 0x000002f06e3d47e0

Heap address: 0x0000000082800000, size: 2008 MB, Compressed Oops mode: 32-bit

CDS archive(s) mapped at: [0x000002f000000000-0x000002f000c80000-0x000002f000c80000), size 13107200, SharedBaseAddress: 0x000002f000000000, ArchiveRelocationMode: 1.
Compressed class space mapped at: 0x000002f001000000-0x000002f041000000, reserved size: 1073741824
Narrow klass base: 0x000002f000000000, Narrow klass shift: 0, Narrow klass range: 0x100000000

GC Precious Log:
 CardTable entry size: 512
 Card Set container configuration: InlinePtr #cards 5 size 8 Array Of Cards #cards 12 size 40 Howl #buckets 4 coarsen threshold 1843 Howl Bitmap #cards 512 size 80 coarsen threshold 460 Card regions per heap region 1 cards per card region 2048
 CPUs: 8 total, 8 available
 Memory: 8029M
 Large Page Support: Disabled
 NUMA Support: Disabled
 Compressed Oops: Enabled (32-bit)
 Heap Region Size: 1M
 Heap Min Capacity: 8M
 Heap Initial Capacity: 126M
 Heap Max Capacity: 2008M
 Pre-touch: Disabled
 Parallel Workers: 8
 Concurrent Workers: 2
 Concurrent Refinement Workers: 8
 Periodic GC: Disabled

Heap:
 garbage-first heap   total 99328K, used 83440K [0x0000000082800000, 0x0000000100000000)
  region size 1024K, 57 young (58368K), 5 survivors (5120K)
 Metaspace       used 78306K, committed 79040K, reserved 1179648K
  class space    used 11178K, committed 11520K, reserved 1048576K

Heap Regions: E=young(eden), S=young(survivor), O=old, HS=humongous(starts), HC=humongous(continues), CS=collection set, F=free, TAMS=top-at-mark-start, PB=parsable bottom
|   0|0x0000000082800000, 0x0000000082900000, 0x0000000082900000|100%|HS|  |TAMS 0x0000000082800000| PB 0x0000000082800000| Untracked 
|   1|0x0000000082900000, 0x0000000082a00000, 0x0000000082a00000|100%|HS|  |TAMS 0x0000000082900000| PB 0x0000000082900000| Untracked 
|   2|0x0000000082a00000, 0x0000000082afffe0, 0x0000000082b00000| 99%| O|  |TAMS 0x0000000082a00000| PB 0x0000000082a00000| Untracked 
|   3|0x0000000082b00000, 0x0000000082bfffd0, 0x0000000082c00000| 99%| O|  |TAMS 0x0000000082b00000| PB 0x0000000082b00000| Untracked 
|   4|0x0000000082c00000, 0x0000000082cfff70, 0x0000000082d00000| 99%| O|  |TAMS 0x0000000082c00000| PB 0x0000000082c00000| Untracked 
|   5|0x0000000082d00000, 0x0000000082dfffc8, 0x0000000082e00000| 99%| O|  |TAMS 0x0000000082d00000| PB 0x0000000082d00000| Untracked 
|   6|0x0000000082e00000, 0x0000000082efffb0, 0x0000000082f00000| 99%| O|  |TAMS 0x0000000082e00000| PB 0x0000000082e00000| Untracked 
|   7|0x0000000082f00000, 0x0000000083000000, 0x0000000083000000|100%| O|  |TAMS 0x0000000082f00000| PB 0x0000000082f00000| Untracked 
|   8|0x0000000083000000, 0x00000000830ffd18, 0x0000000083100000| 99%| O|  |TAMS 0x0000000083000000| PB 0x0000000083000000| Untracked 
|   9|0x0000000083100000, 0x0000000083200000, 0x0000000083200000|100%| O|  |TAMS 0x0000000083100000| PB 0x0000000083100000| Untracked 
|  10|0x0000000083200000, 0x00000000832fffe0, 0x0000000083300000| 99%| O|  |TAMS 0x0000000083200000| PB 0x0000000083200000| Untracked 
|  11|0x0000000083300000, 0x00000000833fffe0, 0x0000000083400000| 99%| O|  |TAMS 0x0000000083300000| PB 0x0000000083300000| Untracked 
|  12|0x0000000083400000, 0x00000000834fffe8, 0x0000000083500000| 99%| O|  |TAMS 0x0000000083400000| PB 0x0000000083400000| Untracked 
|  13|0x0000000083500000, 0x00000000835fffe0, 0x0000000083600000| 99%| O|  |TAMS 0x0000000083500000| PB 0x0000000083500000| Untracked 
|  14|0x0000000083600000, 0x00000000836ffff8, 0x0000000083700000| 99%| O|  |TAMS 0x0000000083600000| PB 0x0000000083600000| Untracked 
|  15|0x0000000083700000, 0x00000000837fffb8, 0x0000000083800000| 99%| O|  |TAMS 0x0000000083700000| PB 0x0000000083700000| Untracked 
|  16|0x0000000083800000, 0x00000000838ffff0, 0x0000000083900000| 99%| O|  |TAMS 0x0000000083800000| PB 0x0000000083800000| Untracked 
|  17|0x0000000083900000, 0x00000000839ffff0, 0x0000000083a00000| 99%| O|  |TAMS 0x0000000083900000| PB 0x0000000083900000| Untracked 
|  18|0x0000000083a00000, 0x0000000083b00000, 0x0000000083b00000|100%| O|  |TAMS 0x0000000083a00000| PB 0x0000000083a00000| Untracked 
|  19|0x0000000083b00000, 0x0000000083bffff0, 0x0000000083c00000| 99%| O|  |TAMS 0x0000000083b00000| PB 0x0000000083b00000| Untracked 
|  20|0x0000000083c00000, 0x0000000083cfffd0, 0x0000000083d00000| 99%| O|  |TAMS 0x0000000083c00000| PB 0x0000000083c00000| Untracked 
|  21|0x0000000083d00000, 0x0000000083e00000, 0x0000000083e00000|100%| O|  |TAMS 0x0000000083d00000| PB 0x0000000083d00000| Untracked 
|  22|0x0000000083e00000, 0x0000000083effff8, 0x0000000083f00000| 99%| O|  |TAMS 0x0000000083e00000| PB 0x0000000083e00000| Untracked 
|  23|0x0000000083f00000, 0x0000000083ffffe8, 0x0000000084000000| 99%| O|  |TAMS 0x0000000083f00000| PB 0x0000000083f00000| Untracked 
|  24|0x0000000084000000, 0x00000000840ffff8, 0x0000000084100000| 99%| O|  |TAMS 0x0000000084000000| PB 0x0000000084000000| Untracked 
|  25|0x0000000084100000, 0x00000000841ffff8, 0x0000000084200000| 99%| O|  |TAMS 0x0000000084100000| PB 0x0000000084100000| Untracked 
|  26|0x0000000084200000, 0x00000000842d07d0, 0x0000000084300000| 81%| O|  |TAMS 0x0000000084200000| PB 0x0000000084200000| Untracked 
|  27|0x0000000084300000, 0x0000000084373d48, 0x0000000084400000| 45%| O|  |TAMS 0x0000000084300000| PB 0x0000000084300000| Untracked 
|  28|0x0000000084400000, 0x0000000084480520, 0x0000000084500000| 50%| O|  |TAMS 0x0000000084400000| PB 0x0000000084400000| Untracked 
|  29|0x0000000084500000, 0x0000000084553dd8, 0x0000000084600000| 32%| O|  |TAMS 0x0000000084500000| PB 0x0000000084500000| Untracked 
|  30|0x0000000084600000, 0x00000000846fffc8, 0x0000000084700000| 99%| O|  |TAMS 0x0000000084600000| PB 0x0000000084600000| Untracked 
|  31|0x0000000084700000, 0x0000000084700000, 0x0000000084800000|  0%| F|  |TAMS 0x0000000084700000| PB 0x0000000084700000| Untracked 
|  32|0x0000000084800000, 0x0000000084800000, 0x0000000084900000|  0%| F|  |TAMS 0x0000000084800000| PB 0x0000000084800000| Untracked 
|  33|0x0000000084900000, 0x0000000084900000, 0x0000000084a00000|  0%| F|  |TAMS 0x0000000084900000| PB 0x0000000084900000| Untracked 
|  34|0x0000000084a00000, 0x0000000084a00000, 0x0000000084b00000|  0%| F|  |TAMS 0x0000000084a00000| PB 0x0000000084a00000| Untracked 
|  35|0x0000000084b00000, 0x0000000084b63e70, 0x0000000084c00000| 39%| O|  |TAMS 0x0000000084b00000| PB 0x0000000084b00000| Untracked 
|  36|0x0000000084c00000, 0x0000000084c00000, 0x0000000084d00000|  0%| F|  |TAMS 0x0000000084c00000| PB 0x0000000084c00000| Untracked 
|  37|0x0000000084d00000, 0x0000000084d00000, 0x0000000084e00000|  0%| F|  |TAMS 0x0000000084d00000| PB 0x0000000084d00000| Untracked 
|  38|0x0000000084e00000, 0x0000000084e00000, 0x0000000084f00000|  0%| F|  |TAMS 0x0000000084e00000| PB 0x0000000084e00000| Untracked 
|  39|0x0000000084f00000, 0x0000000084f00000, 0x0000000085000000|  0%| F|  |TAMS 0x0000000084f00000| PB 0x0000000084f00000| Untracked 
|  40|0x0000000085000000, 0x00000000850afde8, 0x0000000085100000| 68%| S|  |TAMS 0x0000000085000000| PB 0x0000000085000000| Complete 
|  41|0x0000000085100000, 0x0000000085200000, 0x0000000085200000|100%| S|  |TAMS 0x0000000085100000| PB 0x0000000085100000| Complete 
|  42|0x0000000085200000, 0x0000000085300000, 0x0000000085300000|100%| S|  |TAMS 0x0000000085200000| PB 0x0000000085200000| Complete 
|  43|0x0000000085300000, 0x0000000085400000, 0x0000000085400000|100%| S|  |TAMS 0x0000000085300000| PB 0x0000000085300000| Complete 
|  44|0x0000000085400000, 0x0000000085500000, 0x0000000085500000|100%| S|  |TAMS 0x0000000085400000| PB 0x0000000085400000| Complete 
|  45|0x0000000085500000, 0x0000000085600000, 0x0000000085600000|100%| E|CS|TAMS 0x0000000085500000| PB 0x0000000085500000| Complete 
|  46|0x0000000085600000, 0x0000000085700000, 0x0000000085700000|100%| E|CS|TAMS 0x0000000085600000| PB 0x0000000085600000| Complete 
|  47|0x0000000085700000, 0x0000000085800000, 0x0000000085800000|100%| E|CS|TAMS 0x0000000085700000| PB 0x0000000085700000| Complete 
|  48|0x0000000085800000, 0x0000000085900000, 0x0000000085900000|100%| E|CS|TAMS 0x0000000085800000| PB 0x0000000085800000| Complete 
|  49|0x0000000085900000, 0x0000000085a00000, 0x0000000085a00000|100%| E|CS|TAMS 0x0000000085900000| PB 0x0000000085900000| Complete 
|  50|0x0000000085a00000, 0x0000000085b00000, 0x0000000085b00000|100%| E|CS|TAMS 0x0000000085a00000| PB 0x0000000085a00000| Complete 
|  51|0x0000000085b00000, 0x0000000085c00000, 0x0000000085c00000|100%| E|CS|TAMS 0x0000000085b00000| PB 0x0000000085b00000| Complete 
|  52|0x0000000085c00000, 0x0000000085d00000, 0x0000000085d00000|100%| E|CS|TAMS 0x0000000085c00000| PB 0x0000000085c00000| Complete 
|  53|0x0000000085d00000, 0x0000000085e00000, 0x0000000085e00000|100%| E|CS|TAMS 0x0000000085d00000| PB 0x0000000085d00000| Complete 
|  54|0x0000000085e00000, 0x0000000085f00000, 0x0000000085f00000|100%| E|CS|TAMS 0x0000000085e00000| PB 0x0000000085e00000| Complete 
|  55|0x0000000085f00000, 0x0000000086000000, 0x0000000086000000|100%| E|CS|TAMS 0x0000000085f00000| PB 0x0000000085f00000| Complete 
|  56|0x0000000086000000, 0x0000000086100000, 0x0000000086100000|100%| E|CS|TAMS 0x0000000086000000| PB 0x0000000086000000| Complete 
|  57|0x0000000086100000, 0x0000000086200000, 0x0000000086200000|100%| E|CS|TAMS 0x0000000086100000| PB 0x0000000086100000| Complete 
|  58|0x0000000086200000, 0x0000000086300000, 0x0000000086300000|100%| E|CS|TAMS 0x0000000086200000| PB 0x0000000086200000| Complete 
|  59|0x0000000086300000, 0x0000000086400000, 0x0000000086400000|100%| E|CS|TAMS 0x0000000086300000| PB 0x0000000086300000| Complete 
|  60|0x0000000086400000, 0x0000000086500000, 0x0000000086500000|100%| E|CS|TAMS 0x0000000086400000| PB 0x0000000086400000| Complete 
|  61|0x0000000086500000, 0x0000000086600000, 0x0000000086600000|100%| E|CS|TAMS 0x0000000086500000| PB 0x0000000086500000| Complete 
|  62|0x0000000086600000, 0x0000000086700000, 0x0000000086700000|100%| E|CS|TAMS 0x0000000086600000| PB 0x0000000086600000| Complete 
|  63|0x0000000086700000, 0x0000000086800000, 0x0000000086800000|100%| E|CS|TAMS 0x0000000086700000| PB 0x0000000086700000| Complete 
|  64|0x0000000086800000, 0x0000000086900000, 0x0000000086900000|100%| E|CS|TAMS 0x0000000086800000| PB 0x0000000086800000| Complete 
|  65|0x0000000086900000, 0x0000000086a00000, 0x0000000086a00000|100%| E|CS|TAMS 0x0000000086900000| PB 0x0000000086900000| Complete 
|  66|0x0000000086a00000, 0x0000000086b00000, 0x0000000086b00000|100%| E|CS|TAMS 0x0000000086a00000| PB 0x0000000086a00000| Complete 
|  67|0x0000000086b00000, 0x0000000086c00000, 0x0000000086c00000|100%| E|CS|TAMS 0x0000000086b00000| PB 0x0000000086b00000| Complete 
|  68|0x0000000086c00000, 0x0000000086d00000, 0x0000000086d00000|100%| E|CS|TAMS 0x0000000086c00000| PB 0x0000000086c00000| Complete 
|  69|0x0000000086d00000, 0x0000000086e00000, 0x0000000086e00000|100%| E|CS|TAMS 0x0000000086d00000| PB 0x0000000086d00000| Complete 
|  70|0x0000000086e00000, 0x0000000086f00000, 0x0000000086f00000|100%| E|CS|TAMS 0x0000000086e00000| PB 0x0000000086e00000| Complete 
|  71|0x0000000086f00000, 0x0000000087000000, 0x0000000087000000|100%| E|CS|TAMS 0x0000000086f00000| PB 0x0000000086f00000| Complete 
|  72|0x0000000087000000, 0x0000000087100000, 0x0000000087100000|100%| E|CS|TAMS 0x0000000087000000| PB 0x0000000087000000| Complete 
|  73|0x0000000087100000, 0x0000000087200000, 0x0000000087200000|100%| E|CS|TAMS 0x0000000087100000| PB 0x0000000087100000| Complete 
|  74|0x0000000087200000, 0x0000000087300000, 0x0000000087300000|100%| E|CS|TAMS 0x0000000087200000| PB 0x0000000087200000| Complete 
|  75|0x0000000087300000, 0x0000000087400000, 0x0000000087400000|100%| E|CS|TAMS 0x0000000087300000| PB 0x0000000087300000| Complete 
|  76|0x0000000087400000, 0x0000000087500000, 0x0000000087500000|100%| E|CS|TAMS 0x0000000087400000| PB 0x0000000087400000| Complete 
|  77|0x0000000087500000, 0x0000000087600000, 0x0000000087600000|100%| E|CS|TAMS 0x0000000087500000| PB 0x0000000087500000| Complete 
|  78|0x0000000087600000, 0x0000000087700000, 0x0000000087700000|100%| E|CS|TAMS 0x0000000087600000| PB 0x0000000087600000| Complete 
|  79|0x0000000087700000, 0x0000000087800000, 0x0000000087800000|100%| E|CS|TAMS 0x0000000087700000| PB 0x0000000087700000| Complete 
|  80|0x0000000087800000, 0x0000000087900000, 0x0000000087900000|100%| E|CS|TAMS 0x0000000087800000| PB 0x0000000087800000| Complete 
|  81|0x0000000087900000, 0x0000000087a00000, 0x0000000087a00000|100%| E|CS|TAMS 0x0000000087900000| PB 0x0000000087900000| Complete 
|  82|0x0000000087a00000, 0x0000000087b00000, 0x0000000087b00000|100%| E|CS|TAMS 0x0000000087a00000| PB 0x0000000087a00000| Complete 
|  83|0x0000000087b00000, 0x0000000087c00000, 0x0000000087c00000|100%| E|CS|TAMS 0x0000000087b00000| PB 0x0000000087b00000| Complete 
|  84|0x0000000087c00000, 0x0000000087d00000, 0x0000000087d00000|100%| E|CS|TAMS 0x0000000087c00000| PB 0x0000000087c00000| Complete 
|  85|0x0000000087d00000, 0x0000000087e00000, 0x0000000087e00000|100%| E|CS|TAMS 0x0000000087d00000| PB 0x0000000087d00000| Complete 
|  86|0x0000000087e00000, 0x0000000087f00000, 0x0000000087f00000|100%| E|CS|TAMS 0x0000000087e00000| PB 0x0000000087e00000| Complete 
|  87|0x0000000087f00000, 0x0000000088000000, 0x0000000088000000|100%| E|CS|TAMS 0x0000000087f00000| PB 0x0000000087f00000| Complete 
|  88|0x0000000088000000, 0x0000000088100000, 0x0000000088100000|100%| E|CS|TAMS 0x0000000088000000| PB 0x0000000088000000| Complete 
|  89|0x0000000088100000, 0x0000000088200000, 0x0000000088200000|100%| E|CS|TAMS 0x0000000088100000| PB 0x0000000088100000| Complete 
|  90|0x0000000088200000, 0x0000000088300000, 0x0000000088300000|100%| E|CS|TAMS 0x0000000088200000| PB 0x0000000088200000| Complete 
|  91|0x0000000088300000, 0x0000000088400000, 0x0000000088400000|100%| E|CS|TAMS 0x0000000088300000| PB 0x0000000088300000| Complete 
| 104|0x0000000089000000, 0x0000000089100000, 0x0000000089100000|100%| E|CS|TAMS 0x0000000089000000| PB 0x0000000089000000| Complete 
| 105|0x0000000089100000, 0x0000000089200000, 0x0000000089200000|100%| E|CS|TAMS 0x0000000089100000| PB 0x0000000089100000| Complete 
| 106|0x0000000089200000, 0x0000000089300000, 0x0000000089300000|100%| E|CS|TAMS 0x0000000089200000| PB 0x0000000089200000| Complete 
| 107|0x0000000089300000, 0x0000000089400000, 0x0000000089400000|100%| E|CS|TAMS 0x0000000089300000| PB 0x0000000089300000| Complete 
| 108|0x0000000089400000, 0x0000000089500000, 0x0000000089500000|100%| E|CS|TAMS 0x0000000089400000| PB 0x0000000089400000| Complete 

Card table byte_map: [0x000002f061300000,0x000002f0616f0000] _byte_map_base: 0x000002f060eec000

Marking Bits: (CMBitMap*) 0x000002f05a4d10c0
 Bits: [0x000002f0616f0000, 0x000002f063650000)

Polling page: 0x000002f058240000

Metaspace:

Usage:
  Non-class:     65.55 MB used.
      Class:     10.92 MB used.
       Both:     76.47 MB used.

Virtual space:
  Non-class space:      128.00 MB reserved,      65.94 MB ( 52%) committed,  2 nodes.
      Class space:        1.00 GB reserved,      11.25 MB (  1%) committed,  1 nodes.
             Both:        1.12 GB reserved,      77.19 MB (  7%) committed. 

Chunk freelists:
   Non-Class:  13.91 MB
       Class:  4.79 MB
        Both:  18.69 MB

MaxMetaspaceSize: unlimited
CompressedClassSpaceSize: 1.00 GB
Initial GC threshold: 21.00 MB
Current GC threshold: 128.44 MB
CDS: on
 - commit_granule_bytes: 65536.
 - commit_granule_words: 8192.
 - virtual_space_node_default_size: 8388608.
 - enlarge_chunks_in_place: 1.
 - use_allocation_guard: 0.


Internal statistics:

num_allocs_failed_limit: 6.
num_arena_births: 1630.
num_arena_deaths: 764.
num_vsnodes_births: 3.
num_vsnodes_deaths: 0.
num_space_committed: 1235.
num_space_uncommitted: 0.
num_chunks_returned_to_freelist: 862.
num_chunks_taken_from_freelist: 4627.
num_chunk_merges: 142.
num_chunk_splits: 3008.
num_chunks_enlarged: 2307.
num_inconsistent_stats: 0.

CodeCache: size=49152Kb used=15214Kb max_used=16901Kb free=33937Kb
 bounds [0x000002f05de00000, 0x000002f05ef20000, 0x000002f060e00000]
 total_blobs=8243 nmethods=7524 adapters=641
 compilation: enabled
              stopped_count=0, restarted_count=0
 full_count=0

Compilation events (20 events):
Event: 1254.358 Thread 0x000002f06b36bbe0 9864       1       java.net.InetSocketAddress::getAddress (8 bytes)
Event: 1254.358 Thread 0x000002f06b36bbe0 nmethod 9864 0x000002f05e8e4590 code [0x000002f05e8e4720, 0x000002f05e8e47f0]
Event: 1254.359 Thread 0x000002f06b36bbe0 9865       1       java.net.InetSocketAddress::<init> (32 bytes)
Event: 1254.359 Thread 0x000002f0660e3cd0 9866       1       java.net.InetSocketAddress::checkPort (39 bytes)
Event: 1254.359 Thread 0x000002f06b36b510 9867       1       java.net.InetSocketAddress$InetSocketAddressHolder::<init> (20 bytes)
Event: 1254.359 Thread 0x000002f06b36b510 nmethod 9867 0x000002f05e94ee90 code [0x000002f05e94f020, 0x000002f05e94f180]
Event: 1254.359 Thread 0x000002f06b36bbe0 nmethod 9865 0x000002f05edc6610 code [0x000002f05edc67e0, 0x000002f05edc6a78]
Event: 1254.359 Thread 0x000002f0660e3cd0 nmethod 9866 0x000002f05e53a190 code [0x000002f05e53a380, 0x000002f05e53a670]
Event: 1254.407 Thread 0x000002f0660e3cd0 9868       1       java.util.Arrays::fill (28 bytes)
Event: 1254.408 Thread 0x000002f0660e3cd0 nmethod 9868 0x000002f05eca6110 code [0x000002f05eca62c0, 0x000002f05eca63f8]
Event: 1254.414 Thread 0x000002f06b36c2b0 9869       1       sun.security.x509.X509CertInfo::getExtensions (5 bytes)
Event: 1254.414 Thread 0x000002f06b36c2b0 nmethod 9869 0x000002f05e90d190 code [0x000002f05e90d320, 0x000002f05e90d3e8]
Event: 1254.415 Thread 0x000002f06b36c2b0 9870       1       javax.crypto.Cipher::tokenizeTransformation (214 bytes)
Event: 1254.416 Thread 0x000002f06b36c2b0 nmethod 9870 0x000002f05e18a290 code [0x000002f05e18a600, 0x000002f05e18b660]
Event: 1313.880 Thread 0x000002f0660e3cd0 9872       1       org.apache.catalina.loader.WebappLoader::getContext (5 bytes)
Event: 1313.880 Thread 0x000002f0660e3cd0 nmethod 9872 0x000002f05e910b10 code [0x000002f05e910ca0, 0x000002f05e910d68]
Event: 1313.880 Thread 0x000002f0660e3cd0 9873       1       org.apache.catalina.core.StandardContext::getReloadable (5 bytes)
Event: 1313.880 Thread 0x000002f0660e3cd0 nmethod 9873 0x000002f05e915c90 code [0x000002f05e915e20, 0x000002f05e915ef0]
Event: 1313.880 Thread 0x000002f0660e3cd0 9874       1       org.apache.catalina.core.StandardWrapper::getServlet (5 bytes)
Event: 1313.880 Thread 0x000002f0660e3cd0 nmethod 9874 0x000002f05e94b410 code [0x000002f05e94b5a0, 0x000002f05e94b670]

GC Heap History (20 events):
Event: 794.808 GC heap after
{Heap after GC invocations=30 (full 1):
 garbage-first heap   total 99328K, used 26617K [0x0000000082800000, 0x0000000100000000)
  region size 1024K, 0 young (0K), 0 survivors (0K)
 Metaspace       used 76589K, committed 77696K, reserved 1179648K
  class space    used 10977K, committed 11392K, reserved 1048576K
}
Event: 796.458 GC heap before
{Heap before GC invocations=30 (full 1):
 garbage-first heap   total 99328K, used 84985K [0x0000000082800000, 0x0000000100000000)
  region size 1024K, 58 young (59392K), 0 survivors (0K)
 Metaspace       used 77000K, committed 77824K, reserved 1179648K
  class space    used 11042K, committed 11456K, reserved 1048576K
}
Event: 796.469 GC heap after
{Heap after GC invocations=31 (full 1):
 garbage-first heap   total 99328K, used 33867K [0x0000000082800000, 0x0000000100000000)
  region size 1024K, 8 young (8192K), 8 survivors (8192K)
 Metaspace       used 77000K, committed 77824K, reserved 1179648K
  class space    used 11042K, committed 11456K, reserved 1048576K
}
Event: 809.234 GC heap before
{Heap before GC invocations=31 (full 1):
 garbage-first heap   total 99328K, used 45131K [0x0000000082800000, 0x0000000100000000)
  region size 1024K, 20 young (20480K), 8 survivors (8192K)
 Metaspace       used 77059K, committed 77824K, reserved 1179648K
  class space    used 11057K, committed 11456K, reserved 1048576K
}
Event: 809.286 GC heap after
{Heap after GC invocations=32 (full 2):
 garbage-first heap   total 99328K, used 29695K [0x0000000082800000, 0x0000000100000000)
  region size 1024K, 0 young (0K), 0 survivors (0K)
 Metaspace       used 76930K, committed 77824K, reserved 1179648K
  class space    used 11025K, committed 11456K, reserved 1048576K
}
Event: 810.161 GC heap before
{Heap before GC invocations=32 (full 2):
 garbage-first heap   total 99328K, used 83967K [0x0000000082800000, 0x0000000100000000)
  region size 1024K, 54 young (55296K), 0 survivors (0K)
 Metaspace       used 77167K, committed 77952K, reserved 1179648K
  class space    used 11047K, committed 11456K, reserved 1048576K
}
Event: 810.166 GC heap after
{Heap after GC invocations=33 (full 2):
 garbage-first heap   total 99328K, used 35107K [0x0000000082800000, 0x0000000100000000)
  region size 1024K, 6 young (6144K), 6 survivors (6144K)
 Metaspace       used 77167K, committed 77952K, reserved 1179648K
  class space    used 11047K, committed 11456K, reserved 1048576K
}
Event: 1041.170 GC heap before
{Heap before GC invocations=34 (full 2):
 garbage-first heap   total 99328K, used 51491K [0x0000000082800000, 0x0000000100000000)
  region size 1024K, 23 young (23552K), 6 survivors (6144K)
 Metaspace       used 77184K, committed 77952K, reserved 1179648K
  class space    used 11049K, committed 11456K, reserved 1048576K
}
Event: 1041.219 GC heap after
{Heap after GC invocations=35 (full 3):
 garbage-first heap   total 99328K, used 30005K [0x0000000082800000, 0x0000000100000000)
  region size 1024K, 0 young (0K), 0 survivors (0K)
 Metaspace       used 77181K, committed 77952K, reserved 1179648K
  class space    used 11049K, committed 11456K, reserved 1048576K
}
Event: 1044.248 GC heap before
{Heap before GC invocations=35 (full 3):
 garbage-first heap   total 99328K, used 84277K [0x0000000082800000, 0x0000000100000000)
  region size 1024K, 54 young (55296K), 0 survivors (0K)
 Metaspace       used 77652K, committed 78400K, reserved 1179648K
  class space    used 11121K, committed 11456K, reserved 1048576K
}
Event: 1044.253 GC heap after
{Heap after GC invocations=36 (full 3):
 garbage-first heap   total 99328K, used 34435K [0x0000000082800000, 0x0000000100000000)
  region size 1024K, 5 young (5120K), 5 survivors (5120K)
 Metaspace       used 77652K, committed 78400K, reserved 1179648K
  class space    used 11121K, committed 11456K, reserved 1048576K
}
Event: 1113.167 GC heap before
{Heap before GC invocations=36 (full 3):
 garbage-first heap   total 99328K, used 84611K [0x0000000082800000, 0x0000000100000000)
  region size 1024K, 55 young (56320K), 5 survivors (5120K)
 Metaspace       used 77889K, committed 78592K, reserved 1179648K
  class space    used 11145K, committed 11456K, reserved 1048576K
}
Event: 1113.175 GC heap after
{Heap after GC invocations=37 (full 3):
 garbage-first heap   total 99328K, used 37389K [0x0000000082800000, 0x0000000100000000)
  region size 1024K, 4 young (4096K), 4 survivors (4096K)
 Metaspace       used 77889K, committed 78592K, reserved 1179648K
  class space    used 11145K, committed 11456K, reserved 1048576K
}
Event: 1113.189 GC heap before
{Heap before GC invocations=37 (full 3):
 garbage-first heap   total 99328K, used 38413K [0x0000000082800000, 0x0000000100000000)
  region size 1024K, 6 young (6144K), 4 survivors (4096K)
 Metaspace       used 77892K, committed 78592K, reserved 1179648K
  class space    used 11145K, committed 11456K, reserved 1048576K
}
Event: 1113.226 GC heap after
{Heap after GC invocations=38 (full 4):
 garbage-first heap   total 99328K, used 27216K [0x0000000082800000, 0x0000000100000000)
  region size 1024K, 0 young (0K), 0 survivors (0K)
 Metaspace       used 77696K, committed 78592K, reserved 1179648K
  class space    used 11095K, committed 11456K, reserved 1048576K
}
Event: 1113.759 GC heap before
{Heap before GC invocations=38 (full 4):
 garbage-first heap   total 99328K, used 83536K [0x0000000082800000, 0x0000000100000000)
  region size 1024K, 56 young (57344K), 0 survivors (0K)
 Metaspace       used 78101K, committed 78784K, reserved 1179648K
  class space    used 11159K, committed 11456K, reserved 1048576K
}
Event: 1113.765 GC heap after
{Heap after GC invocations=39 (full 4):
 garbage-first heap   total 99328K, used 34208K [0x0000000082800000, 0x0000000100000000)
  region size 1024K, 7 young (7168K), 7 survivors (7168K)
 Metaspace       used 78101K, committed 78784K, reserved 1179648K
  class space    used 11159K, committed 11456K, reserved 1048576K
}
Event: 1253.491 GC heap before
{Heap before GC invocations=39 (full 4):
 garbage-first heap   total 99328K, used 56736K [0x0000000082800000, 0x0000000100000000)
  region size 1024K, 30 young (30720K), 7 survivors (7168K)
 Metaspace       used 78169K, committed 78912K, reserved 1179648K
  class space    used 11175K, committed 11520K, reserved 1048576K
}
Event: 1253.529 GC heap after
{Heap after GC invocations=40 (full 5):
 garbage-first heap   total 99328K, used 30192K [0x0000000082800000, 0x0000000100000000)
  region size 1024K, 0 young (0K), 0 survivors (0K)
 Metaspace       used 78096K, committed 78912K, reserved 1179648K
  class space    used 11157K, committed 11520K, reserved 1048576K
}
Event: 1405.087 GC heap before
{Heap before GC invocations=40 (full 5):
 garbage-first heap   total 99328K, used 82416K [0x0000000082800000, 0x0000000100000000)
  region size 1024K, 52 young (53248K), 0 survivors (0K)
 Metaspace       used 78306K, committed 79040K, reserved 1179648K
  class space    used 11178K, committed 11520K, reserved 1048576K
}

Dll operation events (12 events):
Event: 0.011 Loaded shared library C:\sts-4.22.0.RELEASE\plugins\org.eclipse.justj.openjdk.hotspot.jre.full.win32.x86_64_21.0.6.v20250130-0529\jre\bin\java.dll
Event: 0.044 Loaded shared library C:\sts-4.22.0.RELEASE\plugins\org.eclipse.justj.openjdk.hotspot.jre.full.win32.x86_64_21.0.6.v20250130-0529\jre\bin\zip.dll
Event: 0.313 Loaded shared library C:\sts-4.22.0.RELEASE\plugins\org.eclipse.justj.openjdk.hotspot.jre.full.win32.x86_64_21.0.6.v20250130-0529\jre\bin\instrument.dll
Event: 0.319 Loaded shared library C:\sts-4.22.0.RELEASE\plugins\org.eclipse.justj.openjdk.hotspot.jre.full.win32.x86_64_21.0.6.v20250130-0529\jre\bin\net.dll
Event: 0.321 Loaded shared library C:\sts-4.22.0.RELEASE\plugins\org.eclipse.justj.openjdk.hotspot.jre.full.win32.x86_64_21.0.6.v20250130-0529\jre\bin\nio.dll
Event: 0.325 Loaded shared library C:\sts-4.22.0.RELEASE\plugins\org.eclipse.justj.openjdk.hotspot.jre.full.win32.x86_64_21.0.6.v20250130-0529\jre\bin\zip.dll
Event: 0.533 Loaded shared library C:\sts-4.22.0.RELEASE\plugins\org.eclipse.justj.openjdk.hotspot.jre.full.win32.x86_64_21.0.6.v20250130-0529\jre\bin\jimage.dll
Event: 0.599 Loaded shared library C:\sts-4.22.0.RELEASE\plugins\org.eclipse.justj.openjdk.hotspot.jre.full.win32.x86_64_21.0.6.v20250130-0529\jre\bin\management.dll
Event: 0.618 Loaded shared library C:\sts-4.22.0.RELEASE\plugins\org.eclipse.justj.openjdk.hotspot.jre.full.win32.x86_64_21.0.6.v20250130-0529\jre\bin\management_ext.dll
Event: 0.865 Loaded shared library C:\sts-4.22.0.RELEASE\plugins\org.eclipse.justj.openjdk.hotspot.jre.full.win32.x86_64_21.0.6.v20250130-0529\jre\bin\extnet.dll
Event: 0.895 Loaded shared library C:\sts-4.22.0.RELEASE\plugins\org.eclipse.justj.openjdk.hotspot.jre.full.win32.x86_64_21.0.6.v20250130-0529\jre\bin\verify.dll
Event: 2.100 Loaded shared library C:\sts-4.22.0.RELEASE\plugins\org.eclipse.justj.openjdk.hotspot.jre.full.win32.x86_64_21.0.6.v20250130-0529\jre\bin\sunmscapi.dll

Deoptimization events (20 events):
Event: 1253.962 Thread 0x000002f06e3d4e70 DEOPT PACKING pc=0x000002f05e68795c sp=0x000000f5b64fc8b0
Event: 1253.962 Thread 0x000002f06e3d4e70 DEOPT UNPACKING pc=0x000002f05de54e42 sp=0x000000f5b64fbde8 mode 1
Event: 1253.962 Thread 0x000002f06e3d4e70 DEOPT PACKING pc=0x000002f05e688f8c sp=0x000000f5b64fc9a0
Event: 1253.962 Thread 0x000002f06e3d4e70 DEOPT UNPACKING pc=0x000002f05de54e42 sp=0x000000f5b64fbf60 mode 1
Event: 1253.962 Thread 0x000002f06e3d4e70 DEOPT PACKING pc=0x000002f05e68b5a4 sp=0x000000f5b64fcb20
Event: 1253.962 Thread 0x000002f06e3d4e70 DEOPT UNPACKING pc=0x000002f05de54e42 sp=0x000000f5b64fc0e0 mode 1
Event: 1253.962 Thread 0x000002f06e3d4e70 DEOPT PACKING pc=0x000002f05e68795c sp=0x000000f5b64f9350
Event: 1253.962 Thread 0x000002f06e3d4e70 DEOPT UNPACKING pc=0x000002f05de54e42 sp=0x000000f5b64f8888 mode 1
Event: 1253.962 Thread 0x000002f06e3d4e70 DEOPT PACKING pc=0x000002f05e688f8c sp=0x000000f5b64f9440
Event: 1253.962 Thread 0x000002f06e3d4e70 DEOPT UNPACKING pc=0x000002f05de54e42 sp=0x000000f5b64f8a00 mode 1
Event: 1253.962 Thread 0x000002f06e3d4e70 DEOPT PACKING pc=0x000002f05e68b5a4 sp=0x000000f5b64f95c0
Event: 1253.962 Thread 0x000002f06e3d4e70 DEOPT UNPACKING pc=0x000002f05de54e42 sp=0x000000f5b64f8b80 mode 1
Event: 1253.962 Thread 0x000002f06e3d4e70 DEOPT PACKING pc=0x000002f05e68795c sp=0x000000f5b64fc710
Event: 1253.962 Thread 0x000002f06e3d4e70 DEOPT UNPACKING pc=0x000002f05de54e42 sp=0x000000f5b64fbc48 mode 1
Event: 1253.962 Thread 0x000002f06e3d4e70 DEOPT PACKING pc=0x000002f05e688f8c sp=0x000000f5b64fc800
Event: 1253.962 Thread 0x000002f06e3d4e70 DEOPT UNPACKING pc=0x000002f05de54e42 sp=0x000000f5b64fbdc0 mode 1
Event: 1253.962 Thread 0x000002f06e3d4e70 DEOPT PACKING pc=0x000002f05e68b5a4 sp=0x000000f5b64fc980
Event: 1253.962 Thread 0x000002f06e3d4e70 DEOPT UNPACKING pc=0x000002f05de54e42 sp=0x000000f5b64fbf40 mode 1
Event: 1259.654 Thread 0x000002f06e3d4e70 DEOPT PACKING pc=0x000002f05e1b2334 sp=0x000000f5b64fc300
Event: 1259.654 Thread 0x000002f06e3d4e70 DEOPT UNPACKING pc=0x000002f05de54e42 sp=0x000000f5b64fb7b8 mode 0

Classes loaded (20 events):
Event: 794.610 Loading class sun/security/ssl/Alert$Level
Event: 794.612 Loading class sun/security/ssl/Alert$Level done
Event: 794.614 Loading class sun/net/ConnectionResetException
Event: 794.614 Loading class sun/net/ConnectionResetException done
Event: 794.644 Loading class java/util/WeakHashMap$KeyIterator
Event: 794.644 Loading class java/util/WeakHashMap$HashIterator
Event: 794.645 Loading class java/util/WeakHashMap$HashIterator done
Event: 794.645 Loading class java/util/WeakHashMap$KeyIterator done
Event: 794.808 Loading class java/lang/ref/Finalizer$2
Event: 794.809 Loading class java/lang/ref/Finalizer$2 done
Event: 794.809 Loading class java/lang/ref/Finalizer$1
Event: 794.810 Loading class java/lang/ref/Finalizer$1 done
Event: 795.665 Loading class java/util/WeakHashMap$EntrySet
Event: 795.665 Loading class java/util/WeakHashMap$EntrySet done
Event: 795.666 Loading class java/util/WeakHashMap$EntryIterator
Event: 795.666 Loading class java/util/WeakHashMap$EntryIterator done
Event: 795.757 Loading class java/time/DurationEditor
Event: 795.757 Loading class java/time/DurationEditor done
Event: 1113.486 Loading class java/time/DurationEditor
Event: 1113.486 Loading class java/time/DurationEditor done

Classes unloaded (20 events):
Event: 1253.504 Thread 0x000002f065a47df0 Unloading class 0x000002f001101c00 'java/lang/invoke/LambdaForm$MH+0x000002f001101c00'
Event: 1253.504 Thread 0x000002f065a47df0 Unloading class 0x000002f00110b400 'java/lang/invoke/LambdaForm$MH+0x000002f00110b400'
Event: 1253.504 Thread 0x000002f065a47df0 Unloading class 0x000002f001114400 'java/lang/invoke/LambdaForm$MH+0x000002f001114400'
Event: 1253.504 Thread 0x000002f065a47df0 Unloading class 0x000002f00119c000 'java/lang/invoke/LambdaForm$MH+0x000002f00119c000'
Event: 1253.504 Thread 0x000002f065a47df0 Unloading class 0x000002f0011c1c00 'java/lang/invoke/LambdaForm$MH+0x000002f0011c1c00'
Event: 1253.504 Thread 0x000002f065a47df0 Unloading class 0x000002f0011c2400 'java/lang/invoke/LambdaForm$MH+0x000002f0011c2400'
Event: 1253.504 Thread 0x000002f065a47df0 Unloading class 0x000002f0011ccc00 'java/lang/invoke/LambdaForm$MH+0x000002f0011ccc00'
Event: 1253.504 Thread 0x000002f065a47df0 Unloading class 0x000002f0011ec000 'java/lang/invoke/LambdaForm$MH+0x000002f0011ec000'
Event: 1253.504 Thread 0x000002f065a47df0 Unloading class 0x000002f001240000 'java/lang/invoke/LambdaForm$MH+0x000002f001240000'
Event: 1253.504 Thread 0x000002f065a47df0 Unloading class 0x000002f0013a0000 'java/lang/invoke/LambdaForm$MH+0x000002f0013a0000'
Event: 1253.504 Thread 0x000002f065a47df0 Unloading class 0x000002f0013c8800 'java/lang/invoke/LambdaForm$MH+0x000002f0013c8800'
Event: 1253.504 Thread 0x000002f065a47df0 Unloading class 0x000002f0013f8000 'java/lang/invoke/LambdaForm$MH+0x000002f0013f8000'
Event: 1253.504 Thread 0x000002f065a47df0 Unloading class 0x000002f0013f9400 'java/lang/invoke/LambdaForm$MH+0x000002f0013f9400'
Event: 1253.504 Thread 0x000002f065a47df0 Unloading class 0x000002f001410000 'java/lang/invoke/LambdaForm$MH+0x000002f001410000'
Event: 1253.504 Thread 0x000002f065a47df0 Unloading class 0x000002f001429400 'java/lang/invoke/LambdaForm$MH+0x000002f001429400'
Event: 1253.504 Thread 0x000002f065a47df0 Unloading class 0x000002f00148c000 'java/lang/invoke/LambdaForm$MH+0x000002f00148c000'
Event: 1253.504 Thread 0x000002f065a47df0 Unloading class 0x000002f00148d800 'java/lang/invoke/LambdaForm$MH+0x000002f00148d800'
Event: 1253.504 Thread 0x000002f065a47df0 Unloading class 0x000002f001964400 'java/lang/invoke/LambdaForm$MH+0x000002f001964400'
Event: 1253.504 Thread 0x000002f065a47df0 Unloading class 0x000002f001ab0000 'java/lang/invoke/LambdaForm$MH+0x000002f001ab0000'
Event: 1253.504 Thread 0x000002f065a47df0 Unloading class 0x000002f001ad8000 'java/lang/invoke/LambdaForm$MH+0x000002f001ad8000'

Classes redefined (20 events):
Event: 1043.490 Thread 0x000002f065a47df0 redefined class name=com.example.library.user.repository.UserRepository, count=1
Event: 1043.490 Thread 0x000002f065a47df0 redefined class name=com.example.library.user.repository.UserRepository, count=1
Event: 1043.490 Thread 0x000002f065a47df0 redefined class name=com.example.library.user.service.UserService, count=1
Event: 1043.490 Thread 0x000002f065a47df0 redefined class name=com.example.library.user.service.UserService, count=1
Event: 1043.490 Thread 0x000002f065a47df0 redefined class name=com.example.library.user.service.UserService, count=1
Event: 1043.490 Thread 0x000002f065a47df0 redefined class name=com.example.library.user.service.impl.UserServiceImpl, count=1
Event: 1043.490 Thread 0x000002f065a47df0 redefined class name=com.example.library.user.service.impl.UserServiceImpl, count=1
Event: 1043.490 Thread 0x000002f065a47df0 redefined class name=com.example.library.user.service.impl.UserServiceImpl, count=1
Event: 1043.490 Thread 0x000002f065a47df0 redefined class name=com.example.library.user.UserServiceApplication, count=1
Event: 1043.490 Thread 0x000002f065a47df0 redefined class name=com.example.library.user.UserServiceApplication, count=1
Event: 1043.490 Thread 0x000002f065a47df0 redefined class name=com.example.library.user.UserServiceApplication, count=1
Event: 1043.490 Thread 0x000002f065a47df0 redefined class name=com.example.library.user.UserServiceApplication, count=1
Event: 1043.490 Thread 0x000002f065a47df0 redefined class name=com.example.library.user.UserServiceApplication, count=1
Event: 1043.490 Thread 0x000002f065a47df0 redefined class name=com.example.library.user.config.PasswordEncoderConfig, count=1
Event: 1043.490 Thread 0x000002f065a47df0 redefined class name=com.example.library.user.config.PasswordEncoderConfig, count=1
Event: 1043.490 Thread 0x000002f065a47df0 redefined class name=com.example.library.user.config.PasswordEncoderConfig, count=1
Event: 1043.490 Thread 0x000002f065a47df0 redefined class name=com.example.library.user.config.PasswordEncoderConfig, count=1
Event: 1043.490 Thread 0x000002f065a47df0 redefined class name=com.example.library.user.controller.UserController, count=1
Event: 1043.490 Thread 0x000002f065a47df0 redefined class name=com.example.library.user.controller.UserController, count=1
Event: 1043.490 Thread 0x000002f065a47df0 redefined class name=com.example.library.user.controller.UserController, count=1

Internal exceptions (20 events):
Event: 1044.376 Thread 0x000002f06e3d3430 Exception <a 'java/io/FileNotFoundException'{0x0000000087a23dd0}> (0x0000000087a23dd0) 
thrown [s\src\hotspot\share\prims\jni.cpp, line 520]
Event: 1113.184 Thread 0x000002f06b9c8e10 Exception <a 'java/io/IOException'{0x0000000089312dc0}> (0x0000000089312dc0) 
thrown [s\src\hotspot\share\prims\jni.cpp, line 520]
Event: 1113.185 Thread 0x000002f06b9c8e10 Exception <a 'java/io/IOException'{0x0000000089318860}> (0x0000000089318860) 
thrown [s\src\hotspot\share\prims\jni.cpp, line 520]
Event: 1113.186 Thread 0x000002f06b9c8e10 Exception <a 'java/net/SocketException'{0x000000008931a718}: Connection reset by peer: shutdown> (0x000000008931a718) 
thrown [s\src\hotspot\share\prims\jni.cpp, line 539]
Event: 1113.188 Thread 0x000002f06e3d4150 Exception <a 'java/lang/InterruptedException'{0x00000000893543d8}: sleep interrupted> (0x00000000893543d8) 
thrown [s\src\hotspot\share\prims\jvm.cpp, line 3074]
Event: 1113.240 Thread 0x000002f06b9c8e10 Exception <a 'sun/nio/fs/WindowsException'{0x0000000089309a38}> (0x0000000089309a38) 
thrown [s\src\hotspot\share\prims\jni.cpp, line 520]
Event: 1113.461 Thread 0x000002f06b9c8e10 Exception <a 'java/lang/NoSuchMethodError'{0x0000000086f895d0}: 'void java.lang.invoke.DelegatingMethodHandle$Holder.reinvoke_L(java.lang.Object, java.lang.Object, int)'> (0x0000000086f895d0) 
thrown [s\src\hotspot\share\interpreter\linkResolver.cpp, line 773]
Event: 1113.512 Thread 0x000002f06b9c8e10 Exception <a 'java/lang/NoSuchMethodError'{0x000000008680e120}: 'int java.lang.invoke.DirectMethodHandle$Holder.invokeVirtual(java.lang.Object, java.lang.Object, java.lang.Object, java.lang.Object)'> (0x000000008680e120) 
thrown [s\src\hotspot\share\interpreter\linkResolver.cpp, line 773]
Event: 1113.512 Thread 0x000002f06b9c8e10 Exception <a 'java/lang/NoSuchMethodError'{0x0000000086811718}: 'int java.lang.invoke.DelegatingMethodHandle$Holder.reinvoke_L(java.lang.Object, java.lang.Object, java.lang.Object, java.lang.Object)'> (0x0000000086811718) 
thrown [s\src\hotspot\share\interpreter\linkResolver.cpp, line 773]
Event: 1113.518 Thread 0x000002f06b9c8e10 Exception <a 'java/io/FileNotFoundException'{0x0000000086859450}> (0x0000000086859450) 
thrown [s\src\hotspot\share\prims\jni.cpp, line 520]
Event: 1113.538 Thread 0x000002f06b9c8e10 Exception <a 'java/io/FileNotFoundException'{0x0000000086625c68}> (0x0000000086625c68) 
thrown [s\src\hotspot\share\prims\jni.cpp, line 520]
Event: 1201.062 Thread 0x000002f06b4e5080 Exception <a 'java/lang/NoSuchMethodError'{0x00000000876df398}: static [B.<clinit>()V> (0x00000000876df398) 
thrown [s\src\hotspot\share\prims\jni.cpp, line 1111]
Event: 1253.485 Thread 0x000002f06e3d2da0 Exception <a 'java/net/SocketException'{0x000000008728ce18}: Connection reset by peer: shutdown> (0x000000008728ce18) 
thrown [s\src\hotspot\share\prims\jni.cpp, line 539]
Event: 1253.486 Thread 0x000002f06e3d2da0 Exception <a 'java/io/IOException'{0x000000008728e460}> (0x000000008728e460) 
thrown [s\src\hotspot\share\prims\jni.cpp, line 520]
Event: 1253.487 Thread 0x000002f06e3d2da0 Exception <a 'java/io/IOException'{0x0000000087292c18}> (0x0000000087292c18) 
thrown [s\src\hotspot\share\prims\jni.cpp, line 520]
Event: 1253.488 Thread 0x000002f06e3d2da0 Exception <a 'java/net/SocketException'{0x00000000872970a0}: Connection reset by peer: shutdown> (0x00000000872970a0) 
thrown [s\src\hotspot\share\prims\jni.cpp, line 539]
Event: 1253.491 Thread 0x000002f06b9c80f0 Exception <a 'java/lang/InterruptedException'{0x00000000872bcbb0}: sleep interrupted> (0x00000000872bcbb0) 
thrown [s\src\hotspot\share\prims\jvm.cpp, line 3074]
Event: 1253.540 Thread 0x000002f06e3d4e70 Exception <a 'sun/nio/fs/WindowsException'{0x00000000894a3128}> (0x00000000894a3128) 
thrown [s\src\hotspot\share\prims\jni.cpp, line 520]
Event: 1253.805 Thread 0x000002f06e3d4e70 Exception <a 'java/io/FileNotFoundException'{0x0000000086b7af98}> (0x0000000086b7af98) 
thrown [s\src\hotspot\share\prims\jni.cpp, line 520]
Event: 1253.826 Thread 0x000002f06e3d4e70 Exception <a 'java/io/FileNotFoundException'{0x00000000869397e0}> (0x00000000869397e0) 
thrown [s\src\hotspot\share\prims\jni.cpp, line 520]

ZGC Phase Switch (0 events):
No events

VM Operations (20 events):
Event: 1259.922 Executing VM operation: get/set locals done
Event: 1259.922 Executing VM operation: get/set locals
Event: 1259.922 Executing VM operation: get/set locals done
Event: 1259.923 Executing VM operation: get/set locals
Event: 1259.923 Executing VM operation: get/set locals done
Event: 1259.923 Executing VM operation: get/set locals
Event: 1259.924 Executing VM operation: get/set locals done
Event: 1259.925 Executing VM operation: get/set locals
Event: 1259.925 Executing VM operation: get/set locals done
Event: 1259.927 Executing VM operation: get/set locals
Event: 1259.927 Executing VM operation: get/set locals done
Event: 1259.928 Executing VM operation: get/set locals
Event: 1259.928 Executing VM operation: get/set locals done
Event: 1259.929 Executing VM operation: get/set locals
Event: 1259.929 Executing VM operation: get/set locals done
Event: 1262.725 Executing VM operation: HandshakeAllThreads (HandshakeForDeflation)
Event: 1262.725 Executing VM operation: HandshakeAllThreads (HandshakeForDeflation) done
Event: 1262.725 Executing VM operation: RendezvousGCThreads
Event: 1262.725 Executing VM operation: RendezvousGCThreads done
Event: 1405.086 Executing VM operation: G1CollectForAllocation (G1 Evacuation Pause)

Memory protections (0 events):
No events

Nmethod flushes (20 events):
Event: 1253.512 Thread 0x000002f065a47df0 flushing  nmethod 0x000002f05ec39610
Event: 1253.512 Thread 0x000002f065a47df0 flushing  nmethod 0x000002f05ec3f790
Event: 1253.512 Thread 0x000002f065a47df0 flushing  nmethod 0x000002f05ec3fd90
Event: 1253.512 Thread 0x000002f065a47df0 flushing  nmethod 0x000002f05ec5e290
Event: 1253.512 Thread 0x000002f065a47df0 flushing  nmethod 0x000002f05ec67810
Event: 1253.512 Thread 0x000002f065a47df0 flushing  nmethod 0x000002f05eca6110
Event: 1253.512 Thread 0x000002f065a47df0 flushing  nmethod 0x000002f05ecaa310
Event: 1253.512 Thread 0x000002f065a47df0 flushing  nmethod 0x000002f05ecade90
Event: 1253.512 Thread 0x000002f065a47df0 flushing  nmethod 0x000002f05ecd9010
Event: 1253.512 Thread 0x000002f065a47df0 flushing  nmethod 0x000002f05ecefc10
Event: 1253.512 Thread 0x000002f065a47df0 flushing  nmethod 0x000002f05eceff10
Event: 1253.512 Thread 0x000002f065a47df0 flushing  nmethod 0x000002f05ed45290
Event: 1253.512 Thread 0x000002f065a47df0 flushing  nmethod 0x000002f05ed45590
Event: 1253.512 Thread 0x000002f065a47df0 flushing  nmethod 0x000002f05ed4d490
Event: 1253.512 Thread 0x000002f065a47df0 flushing  nmethod 0x000002f05ed82d90
Event: 1253.512 Thread 0x000002f065a47df0 flushing  nmethod 0x000002f05edaa010
Event: 1253.512 Thread 0x000002f065a47df0 flushing  nmethod 0x000002f05edaac90
Event: 1253.512 Thread 0x000002f065a47df0 flushing  nmethod 0x000002f05edc6610
Event: 1253.512 Thread 0x000002f065a47df0 flushing  nmethod 0x000002f05edc7b90
Event: 1253.512 Thread 0x000002f065a47df0 flushing  nmethod 0x000002f05edc9a90

Events (20 events):
Event: 1253.491 Thread 0x000002f06b9c80f0 Thread exited: 0x000002f06b9c80f0
Event: 1253.491 Thread 0x000002f06b9c94a0 Thread exited: 0x000002f06b9c94a0
Event: 1253.491 Thread 0x000002f06b9c73d0 Thread exited: 0x000002f06b9c73d0
Event: 1253.529 Thread 0x000002f06e3d68b0 Thread added: 0x000002f06e3d3ac0
Event: 1253.529 Thread 0x000002f06e3d3ac0 Thread exited: 0x000002f06e3d3ac0
Event: 1253.529 Thread 0x000002f06e3d68b0 Thread added: 0x000002f06e3d4e70
Event: 1253.593 Thread 0x000002f06e3d4e70 Thread added: 0x000002f06e3d5500
Event: 1253.600 Thread 0x000002f06e3d5500 Thread exited: 0x000002f06e3d5500
Event: 1253.826 Thread 0x000002f06e3d4e70 Thread added: 0x000002f06e3d2080
Event: 1253.827 Thread 0x000002f06e3d4e70 Thread added: 0x000002f06e3d3430
Event: 1253.827 Thread 0x000002f06e3d4e70 Thread added: 0x000002f06e3d5500
Event: 1253.898 Thread 0x000002f06e3d4e70 Thread added: 0x000002f06e3d3ac0
Event: 1253.916 Thread 0x000002f0660e3cd0 Thread added: 0x000002f06b36b510
Event: 1253.923 Thread 0x000002f06b36b510 Thread added: 0x000002f06b36bbe0
Event: 1253.923 Thread 0x000002f06b36b510 Thread added: 0x000002f06b36c2b0
Event: 1253.998 Thread 0x000002f06e3d3ac0 Thread added: 0x000002f06e3d4150
Event: 1259.423 Thread 0x000002f06b36bbe0 Thread exited: 0x000002f06b36bbe0
Event: 1259.423 Thread 0x000002f06b36c2b0 Thread exited: 0x000002f06b36c2b0
Event: 1259.454 Thread 0x000002f06e3d4150 Thread exited: 0x000002f06e3d4150
Event: 1264.428 Thread 0x000002f06b36b510 Thread exited: 0x000002f06b36b510


Dynamic libraries:
0x00007ff62de30000 - 0x00007ff62de3e000 	C:\sts-4.22.0.RELEASE\plugins\org.eclipse.justj.openjdk.hotspot.jre.full.win32.x86_64_21.0.6.v20250130-0529\jre\bin\javaw.exe
0x00007ff898c20000 - 0x00007ff898e88000 	C:\WINDOWS\SYSTEM32\ntdll.dll
0x00007ff896c80000 - 0x00007ff896d49000 	C:\WINDOWS\System32\KERNEL32.DLL
0x00007ff896450000 - 0x00007ff896841000 	C:\WINDOWS\System32\KERNELBASE.dll
0x00007ff895500000 - 0x00007ff89564b000 	C:\WINDOWS\System32\ucrtbase.dll
0x00007ff8715b0000 - 0x00007ff8715c8000 	C:\sts-4.22.0.RELEASE\plugins\org.eclipse.justj.openjdk.hotspot.jre.full.win32.x86_64_21.0.6.v20250130-0529\jre\bin\jli.dll
0x00007ff88d6b0000 - 0x00007ff88d6ce000 	C:\sts-4.22.0.RELEASE\plugins\org.eclipse.justj.openjdk.hotspot.jre.full.win32.x86_64_21.0.6.v20250130-0529\jre\bin\VCRUNTIME140.dll
0x00007ff898280000 - 0x00007ff898446000 	C:\WINDOWS\System32\USER32.dll
0x00007ff8812b0000 - 0x00007ff881543000 	C:\WINDOWS\WinSxS\amd64_microsoft.windows.common-controls_6595b64144ccf1df_6.0.26100.7705_none_3e06597ae3363b04\COMCTL32.dll
0x00007ff896850000 - 0x00007ff896877000 	C:\WINDOWS\System32\win32u.dll
0x00007ff897960000 - 0x00007ff897a09000 	C:\WINDOWS\System32\msvcrt.dll
0x00007ff898450000 - 0x00007ff89847b000 	C:\WINDOWS\System32\GDI32.dll
0x00007ff8960f0000 - 0x00007ff89621b000 	C:\WINDOWS\System32\gdi32full.dll
0x00007ff896880000 - 0x00007ff896923000 	C:\WINDOWS\System32\msvcp_win.dll
0x00007ff8974f0000 - 0x00007ff897521000 	C:\WINDOWS\System32\IMM32.DLL
0x00007ff8929f0000 - 0x00007ff8929fc000 	C:\sts-4.22.0.RELEASE\plugins\org.eclipse.justj.openjdk.hotspot.jre.full.win32.x86_64_21.0.6.v20250130-0529\jre\bin\vcruntime140_1.dll
0x00007ff861ba0000 - 0x00007ff861c2d000 	C:\sts-4.22.0.RELEASE\plugins\org.eclipse.justj.openjdk.hotspot.jre.full.win32.x86_64_21.0.6.v20250130-0529\jre\bin\msvcp140.dll
0x00007ffff2250000 - 0x00007ffff2fe0000 	C:\sts-4.22.0.RELEASE\plugins\org.eclipse.justj.openjdk.hotspot.jre.full.win32.x86_64_21.0.6.v20250130-0529\jre\bin\server\jvm.dll
0x00007ff897560000 - 0x00007ff897614000 	C:\WINDOWS\System32\ADVAPI32.dll
0x00007ff8969f0000 - 0x00007ff896a96000 	C:\WINDOWS\System32\sechost.dll
0x00007ff896aa0000 - 0x00007ff896bb8000 	C:\WINDOWS\System32\RPCRT4.dll
0x00007ff897f60000 - 0x00007ff897fd4000 	C:\WINDOWS\System32\WS2_32.dll
0x00007ff895360000 - 0x00007ff8953be000 	C:\WINDOWS\SYSTEM32\POWRPROF.dll
0x00007ff88fcd0000 - 0x00007ff88fcdb000 	C:\WINDOWS\SYSTEM32\VERSION.dll
0x00007ff884510000 - 0x00007ff884545000 	C:\WINDOWS\SYSTEM32\WINMM.dll
0x00007ff895340000 - 0x00007ff895354000 	C:\WINDOWS\SYSTEM32\UMPDC.dll
0x00007ff8942b0000 - 0x00007ff8942cb000 	C:\WINDOWS\SYSTEM32\kernel.appcore.dll
0x00007ff889110000 - 0x00007ff88911a000 	C:\sts-4.22.0.RELEASE\plugins\org.eclipse.justj.openjdk.hotspot.jre.full.win32.x86_64_21.0.6.v20250130-0529\jre\bin\jimage.dll
0x00007ff893680000 - 0x00007ff8938c2000 	C:\WINDOWS\SYSTEM32\DBGHELP.DLL
0x00007ff897b50000 - 0x00007ff897ed6000 	C:\WINDOWS\System32\combase.dll
0x00007ff897880000 - 0x00007ff897957000 	C:\WINDOWS\System32\OLEAUT32.dll
0x00007ff87c8d0000 - 0x00007ff87c90b000 	C:\WINDOWS\SYSTEM32\dbgcore.DLL
0x00007ff896220000 - 0x00007ff8962c5000 	C:\WINDOWS\System32\bcryptPrimitives.dll
0x00007ff874260000 - 0x00007ff87429c000 	C:\sts-4.22.0.RELEASE\plugins\org.eclipse.justj.openjdk.hotspot.jre.full.win32.x86_64_21.0.6.v20250130-0529\jre\bin\jdwp.dll
0x00007ff888c90000 - 0x00007ff888c9f000 	C:\sts-4.22.0.RELEASE\plugins\org.eclipse.justj.openjdk.hotspot.jre.full.win32.x86_64_21.0.6.v20250130-0529\jre\bin\instrument.dll
0x00007ff887ad0000 - 0x00007ff887aef000 	C:\sts-4.22.0.RELEASE\plugins\org.eclipse.justj.openjdk.hotspot.jre.full.win32.x86_64_21.0.6.v20250130-0529\jre\bin\java.dll
0x00007ff898480000 - 0x00007ff898bd1000 	C:\WINDOWS\System32\SHELL32.dll
0x00007ff895f80000 - 0x00007ff8960ea000 	C:\WINDOWS\System32\wintypes.dll
0x00007ff895710000 - 0x00007ff895f72000 	C:\WINDOWS\System32\windows.storage.dll
0x00007ff896df0000 - 0x00007ff896ee6000 	C:\WINDOWS\System32\SHCORE.dll
0x00007ff897ee0000 - 0x00007ff897f47000 	C:\WINDOWS\System32\shlwapi.dll
0x00007ff895420000 - 0x00007ff895449000 	C:\WINDOWS\SYSTEM32\profapi.dll
0x00007ff870da0000 - 0x00007ff870db8000 	C:\sts-4.22.0.RELEASE\plugins\org.eclipse.justj.openjdk.hotspot.jre.full.win32.x86_64_21.0.6.v20250130-0529\jre\bin\zip.dll
0x00007ff8742d0000 - 0x00007ff8742db000 	C:\sts-4.22.0.RELEASE\plugins\org.eclipse.justj.openjdk.hotspot.jre.full.win32.x86_64_21.0.6.v20250130-0529\jre\bin\dt_socket.dll
0x00007ff893cd0000 - 0x00007ff893d04000 	C:\WINDOWS\SYSTEM32\IPHLPAPI.DLL
0x00007ff894820000 - 0x00007ff89488b000 	C:\WINDOWS\system32\mswsock.dll
0x00007ff893d60000 - 0x00007ff893e8c000 	C:\WINDOWS\SYSTEM32\DNSAPI.dll
0x00007ff897f50000 - 0x00007ff897f5a000 	C:\WINDOWS\System32\NSI.dll
0x00007ff886620000 - 0x00007ff88662b000 	C:\Windows\System32\rasadhlp.dll
0x00007ff88c8f0000 - 0x00007ff88c976000 	C:\WINDOWS\System32\fwpuclnt.dll
0x00007ff888030000 - 0x00007ff888040000 	C:\sts-4.22.0.RELEASE\plugins\org.eclipse.justj.openjdk.hotspot.jre.full.win32.x86_64_21.0.6.v20250130-0529\jre\bin\net.dll
0x00007ff88d7d0000 - 0x00007ff88d8f7000 	C:\WINDOWS\SYSTEM32\WINHTTP.dll
0x00007ff86ebb0000 - 0x00007ff86ebc6000 	C:\sts-4.22.0.RELEASE\plugins\org.eclipse.justj.openjdk.hotspot.jre.full.win32.x86_64_21.0.6.v20250130-0529\jre\bin\nio.dll
0x00007ff8891c0000 - 0x00007ff8891ca000 	C:\sts-4.22.0.RELEASE\plugins\org.eclipse.justj.openjdk.hotspot.jre.full.win32.x86_64_21.0.6.v20250130-0529\jre\bin\management.dll
0x00007ff87cba0000 - 0x00007ff87cbab000 	C:\sts-4.22.0.RELEASE\plugins\org.eclipse.justj.openjdk.hotspot.jre.full.win32.x86_64_21.0.6.v20250130-0529\jre\bin\management_ext.dll
0x00007ff896bc0000 - 0x00007ff896bc8000 	C:\WINDOWS\System32\PSAPI.DLL
0x00007ff8738c0000 - 0x00007ff8738d8000 	C:\WINDOWS\system32\napinsp.dll
0x00007ff8728e0000 - 0x00007ff8728f2000 	C:\WINDOWS\System32\winrnr.dll
0x00007ff8728b0000 - 0x00007ff8728d2000 	C:\WINDOWS\system32\nlansp_c.dll
0x00007ff872860000 - 0x00007ff872876000 	C:\WINDOWS\system32\wshbth.dll
0x00007ff894ae0000 - 0x00007ff894afb000 	C:\WINDOWS\SYSTEM32\CRYPTSP.dll
0x00007ff894210000 - 0x00007ff894249000 	C:\WINDOWS\system32\rsaenh.dll
0x00007ff8948d0000 - 0x00007ff8948fb000 	C:\WINDOWS\SYSTEM32\USERENV.dll
0x00007ff8953f0000 - 0x00007ff89541a000 	C:\WINDOWS\SYSTEM32\bcrypt.dll
0x00007ff894b00000 - 0x00007ff894b0c000 	C:\WINDOWS\SYSTEM32\CRYPTBASE.dll
0x00007ff88d720000 - 0x00007ff88d729000 	C:\sts-4.22.0.RELEASE\plugins\org.eclipse.justj.openjdk.hotspot.jre.full.win32.x86_64_21.0.6.v20250130-0529\jre\bin\extnet.dll
0x00007ff887fc0000 - 0x00007ff887fd0000 	C:\sts-4.22.0.RELEASE\plugins\org.eclipse.justj.openjdk.hotspot.jre.full.win32.x86_64_21.0.6.v20250130-0529\jre\bin\verify.dll
0x00007ff892a10000 - 0x00007ff892a1e000 	C:\sts-4.22.0.RELEASE\plugins\org.eclipse.justj.openjdk.hotspot.jre.full.win32.x86_64_21.0.6.v20250130-0529\jre\bin\sunmscapi.dll
0x00007ff8962d0000 - 0x00007ff896447000 	C:\WINDOWS\System32\CRYPT32.dll
0x00007ff894d00000 - 0x00007ff894d30000 	C:\WINDOWS\SYSTEM32\ncrypt.dll
0x00007ff894cb0000 - 0x00007ff894cef000 	C:\WINDOWS\SYSTEM32\NTASN1.dll
0x00007ff8891d0000 - 0x00007ff8891d8000 	C:\WINDOWS\system32\wshunix.dll

dbghelp: loaded successfully - version: 4.0.5 - missing functions: none
symbol engine: initialized successfully - sym options: 0x614 - pdb path: .;C:\sts-4.22.0.RELEASE\plugins\org.eclipse.justj.openjdk.hotspot.jre.full.win32.x86_64_21.0.6.v20250130-0529\jre\bin;C:\WINDOWS\SYSTEM32;C:\WINDOWS\WinSxS\amd64_microsoft.windows.common-controls_6595b64144ccf1df_6.0.26100.7705_none_3e06597ae3363b04;C:\sts-4.22.0.RELEASE\plugins\org.eclipse.justj.openjdk.hotspot.jre.full.win32.x86_64_21.0.6.v20250130-0529\jre\bin\server

VM Arguments:
jvm_args: -XX:+ShowCodeDetailsInExceptionMessages -agentlib:jdwp=transport=dt_socket,suspend=y,address=localhost:58490 -Dcom.sun.management.jmxremote -Dcom.sun.management.jmxremote.port=58489 -Dcom.sun.management.jmxremote.authenticate=false -Dcom.sun.management.jmxremote.ssl=false -Djava.rmi.server.hostname=localhost -Dspring.jmx.enabled=true -Dmanagement.endpoints.jmx.exposure.include=* -Dspring.application.admin.enabled=true -Dspring.output.ansi.enabled=always -XX:TieredStopAtLevel=1 -Dspring.boot.project.name=user-service -javaagent:C:\sts-4.22.0.RELEASE\configuration\org.eclipse.osgi\809\0\.cp\lib\javaagent-shaded.jar -Dfile.encoding=UTF-8 -Dstdout.encoding=UTF-8 -Dstderr.encoding=UTF-8 
java_command: com.example.library.user.UserServiceApplication
java_class_path (initial): D:\Digital Library Management\user-service\target\classes;C:\Users\91630\.m2\repository\org\springframework\boot\spring-boot-starter-data-jpa\4.0.0\spring-boot-starter-data-jpa-4.0.0.jar;C:\Users\91630\.m2\repository\org\springframework\boot\spring-boot-starter\4.0.0\spring-boot-starter-4.0.0.jar;C:\Users\91630\.m2\repository\org\springframework\boot\spring-boot-starter-logging\4.0.0\spring-boot-starter-logging-4.0.0.jar;C:\Users\91630\.m2\repository\ch\qos\logback\logback-classic\1.5.21\logback-classic-1.5.21.jar;C:\Users\91630\.m2\repository\ch\qos\logback\logback-core\1.5.21\logback-core-1.5.21.jar;C:\Users\91630\.m2\repository\org\apache\logging\log4j\log4j-to-slf4j\2.25.2\log4j-to-slf4j-2.25.2.jar;C:\Users\91630\.m2\repository\org\apache\logging\log4j\log4j-api\2.25.2\log4j-api-2.25.2.jar;C:\Users\91630\.m2\repository\org\slf4j\jul-to-slf4j\2.0.17\jul-to-slf4j-2.0.17.jar;C:\Users\91630\.m2\repository\jakarta\annotation\jakarta.annotation-api\3.0.0\jakarta.annotation-api-3.0.0.jar;C:\Users\91630\.m2\repository\org\yaml\snakeyaml\2.5\snakeyaml-2.5.jar;C:\Users\91630\.m2\repository\org\springframework\boot\spring-boot-starter-jdbc\4.0.0\spring-boot-starter-jdbc-4.0.0.jar;C:\Users\91630\.m2\repository\com\zaxxer\HikariCP\7.0.2\HikariCP-7.0.2.jar;C:\Users\91630\.m2\repository\org\slf4j\slf4j-api\2.0.17\slf4j-api-2.0.17.jar;C:\Users\91630\.m2\repository\org\springframework\boot\spring-boot-data-jpa\4.0.0\spring-boot-data-jpa-4.0.0.jar;C:\Users\91630\.m2\repository\org\springframework\boot\spring-boot-data-commons\4.0.0\spring-boot-data-commons-4.0.0.jar;C:\Users\91630\.m2\repository\org\springframework\boot\spring-boot-persistence\4.0.0\spring-boot-persistence-4.0.0.jar;C:\Users\91630\.m2\repository\org\springframework\data\spring-data-commons\4.0.0\spring-data-commons-4.0.0.jar;C:\Users\91630\.m2\repository\org\springframework\boot\spring-boot-hibernate\4.0.0\spring-boot-hibernate-4.0.0.jar;C:\Users\91630\.m2\repository\org\springframework\boot\spring-boot-jpa\4.0.0\spring-boot-jpa-4.0.0.jar;C:\Users\91630\.m2\repository\jakarta\persistence\jakarta.persistence-api\3.2.0\jakarta.persistence-api-3.2.0.jar;C:\Users\91630\.m2\repository\org\hibernate\orm\hibernate-core\7.1.8.Final\hibernate-core-7.1.8.Final.jar;C:\Users\91630\.m2\repository\jakarta\transaction\jakarta.transaction-api\2.0.1\jakarta.transaction-api-2.0.1.jar;C:\Users\91630\.m2\repository\org\jboss\logging\jboss-logging\3.6.1.Final\jboss-logging-3.6.1.Final.jar;C:\Users\91630\.m2\repository\org\hibernate\models\hibernate-models\1.0.1\hibernate-models-1.0.1.jar;C:\Users\91630\.m2\repository\com\fasterxml\classmate\1.7.1\classmate-1.7.1.jar;C:\Users\91630\.m2\repository\org\glassfish\jaxb\jaxb-runtime\4.0.6\jaxb-runtime-4.0.6.jar;C:\Users\91630\.m2\repository\org\glassfish\jaxb\jaxb-core\4.0.6\jaxb-core-4.0.6.jar;C:\Users\91630\.m2\repository\org\eclipse\angus\angus-activation\2.0.3\angus-activation-2.0.3.jar;C:\Users\91630\.m2\repository\org\glassfish\jaxb\txw2\4.0.6\txw2-4.0.6.jar;C:\Users\91630\.m2\repository\com\sun\istack\istack-commons-runtime\4.1.2\istack-commons-runtime-4.1.2.jar;C:\Users\91630\.m2\repository\jakarta\inject\jakarta.inject-api\2.0.1\jakarta.inject-api-2.0.1.jar;C:\Users\91630\.m2\repository\org\springframework\spring-orm\7.0.1\spring-orm-7.0.1.jar;C:\Users\91630\.m2\repository\org\springframework\data\spring-data-jpa\4.0.0\spring-data-jpa-4.0.0.jar;C:\Users\91630\.m2\repository\org\springframework\spring-aop\7.0.1\spring-aop-7.0.1.jar;C:\Users\91630\.m2\repository\org\springframework\spring-tx\7.0.1\spring-tx-7.0.1.jar;C:\Users\91630\.m2\repository\org\springframework\spring-beans\7.0.1\spring-beans-7.0.1.jar;C:\Users\91630\.m2\repository\org\antlr\antlr4-runtime\4.13.2\antlr4-runtime-4.13.2.jar;C:\Users\91630\.m2\repository\org\springframework\spring-aspects\7.0.1\spring-aspects-7.0.1.jar;C:\Users\91630\.m2\repository\org\aspectj\aspectjweaver\1.9.25\aspectjweaver-1.9.25.jar;C:\Users\91630\.m2\repository\org\springframework\boot\spring-boot-jdbc\4.0.0\spring-boot-jdbc-4.0.0.jar;C:\Users\91630\.m2\repository\org\springframework\boot\spring-boot-sql\4.0.0\spring-boot-sql-4.0.0.jar;C:\Users\91630\.m2\repository\org\springframework\boot\spring-boot-transaction\4.0.0\spring-boot-transaction-4.0.0.jar;C:\Users\91630\.m2\repository\org\springframework\spring-jdbc\7.0.1\spring-jdbc-7.0.1.jar;C:\Users\91630\.m2\repository\org\springframework\boot\spring-boot-starter-webmvc\4.0.0\spring-boot-starter-webmvc-4.0.0.jar;C:\Users\91630\.m2\repository\org\springframework\boot\spring-boot-starter-jackson\4.0.0\spring-boot-starter-jackson-4.0.0.jar;C:\Users\91630\.m2\repository\org\springframework\boot\spring-boot-jackson\4.0.0\spring-boot-jackson-4.0.0.jar;C:\Users\91630\.m2\repository\tools\jackson\core\jackson-databind\3.0.2\jackson-databind-3.0.2.jar;C:\Users\91630\.m2\repository\com\fasterxml\jackson\core\jackson-annotations\2.20\jackson-annotations-2.20.jar;C:\Users\91630\.m2\repository\tools\jackson\core\jackson-core\3.0.2\jackson-core-3.0.2.jar;C:\Users\91630\.m2\repository\org\springframework\boot\spring-boot-starter-tomcat\4.0.0\spring-boot-starter-tomcat-4.0.0.jar;C:\Users\91630\.m2\repository\org\springframework\boot\spring-boot-starter-tomcat-runtime\4.0.0\spring-boot-starter-tomcat-runtime-4.0.0.jar;C:\Users\91630\.m2\repository\org\apache\tomcat\embed\tomcat-embed-core\11.0.14\tomcat-embed-core-11.0.14.jar;C:\Users\91630\.m2\repository\org\apache\tomcat\embed\tomcat-embed-el\11.0.14\tomcat-embed-el-11.0.14.jar;C:\Users\91630\.m2\repository\org\apache\tomcat\embed\tomcat-embed-websocket\11.0.14\tomcat-embed-websocket-11.0.14.jar;C:\Users\91630\.m2\repository\org\springframework\boot\spring-boot-tomcat\4.0.0\spring-boot-tomcat-4.0.0.jar;C:\Users\91630\.m2\repository\org\springframework\boot\spring-boot-http-converter\4.0.0\spring-boot-http-converter-4.0.0.jar;C:\Users\91630\.m2\repository\org\springframework\spring-web\7.0.1\spring-web-7.0.1.jar;C:\Users\91630\.m2\repository\io\micrometer\micrometer-observation\1.16.0\micrometer-observation-1.16.0.jar;C:\Users\91630\.m2\repository\io\micrometer\micrometer-commons\1.16.0\micrometer-commons-1.16.0.jar;C:\Users\91630\.m2\repository\org\springframework\boot\spring-boot-webmvc\4.0.0\spring-boot-webmvc-4.0.0.jar;C:\Users\91630\.m2\repository\org\springframework\boot\spring-boot-servlet\4.0.0\spring-boot-servlet-4.0.0.jar;C:\Users\91630\.m2\repository\org\springframework\spring-webmvc\7.0.1\spring-webmvc-7.0.1.jar;C:\Users\91630\.m2\repository\org\springframework\spring-expression\7.0.1\spring-expression-7.0.1.jar;C:\Users\91630\.m2\repository\org\springframework\boot\spring-boot-devtools\4.0.0\spring-boot-devtools-4.0.0.jar;C:\Users\91630\.m2\repository\org\springframework\boot\spring-boot\4.0.0\spring-boot-4.0.0.jar;C:\Users\91630\.m2\repository\org\springframework\spring-core\7.0.1\spring-core-7.0.1.jar;C:\Users\91630\.m2\repository\commons-logging\commons-logging\1.3.5\commons-logging-1.3.5.jar;C:\Users\91630\.m2\repository\org\jspecify\jspecify\1.0.0\jspecify-1.0.0.jar;C:\Users\91630\.m2\repository\org\springframework\spring-context\7.0.1\spring-context-7.0.1.jar;C:\Users\91630\.m2\repository\org\springframework\boot\spring-boot-autoconfigure\4.0.0\spring-boot-autoconfigure-4.0.0.jar;C:\Users\91630\.m2\repository\com\mysql\mysql-connector-j\9.5.0\mysql-connector-j-9.5.0.jar;C:\Users\91630\.m2\repository\org\projectlombok\lombok\1.18.42\lombok-1.18.42.jar;C:\Users\91630\.m2\repository\jakarta\xml\bind\jakarta.xml.bind-api\4.0.4\jakarta.xml.bind-api-4.0.4.jar;C:\Users\91630\.m2\repository\jakarta\activation\jakarta.activation-api\2.1.4\jakarta.activation-api-2.1.4.jar;C:\Users\91630\.m2\repository\net\bytebuddy\byte-buddy\1.17.8\byte-buddy-1.17.8.jar;C:\Users\91630\.m2\repository\org\springframework\boot\spring-boot-web-server\4.0.0\spring-boot-web-server-4.0.0.jar;C:\Users\91630\.m2\repository\org\springframework\security\spring-security-crypto\7.0.0\spring-security-crypto-7.0.0.jar
Launcher Type: SUN_STANDARD

[Global flags]
     intx CICompilerCount                          = 4                                         {product} {ergonomic}
     uint ConcGCThreads                            = 2                                         {product} {ergonomic}
     uint G1ConcRefinementThreads                  = 8                                         {product} {ergonomic}
   size_t G1HeapRegionSize                         = 1048576                                   {product} {ergonomic}
    uintx GCDrainStackTargetSize                   = 64                                        {product} {ergonomic}
   size_t InitialHeapSize                          = 132120576                                 {product} {ergonomic}
     bool ManagementServer                         = true                                      {product} {command line}
   size_t MarkStackSize                            = 4194304                                   {product} {ergonomic}
   size_t MaxHeapSize                              = 2105540608                                {product} {ergonomic}
   size_t MaxNewSize                               = 1262485504                                {product} {ergonomic}
   size_t MinHeapDeltaBytes                        = 1048576                                   {product} {ergonomic}
   size_t MinHeapSize                              = 8388608                                   {product} {ergonomic}
    uintx NonNMethodCodeHeapSize                   = 4096                                   {pd product} {ergonomic}
    uintx NonProfiledCodeHeapSize                  = 0                                      {pd product} {ergonomic}
     bool ProfileInterpreter                       = false                                  {pd product} {command line}
    uintx ProfiledCodeHeapSize                     = 0                                      {pd product} {ergonomic}
     bool ShowCodeDetailsInExceptionMessages       = true                                   {manageable} {command line}
   size_t SoftMaxHeapSize                          = 2105540608                             {manageable} {ergonomic}
     intx TieredStopAtLevel                        = 1                                         {product} {command line}
     bool UseCompressedOops                        = true                           {product lp64_product} {ergonomic}
     bool UseG1GC                                  = true                                      {product} {ergonomic}
     bool UseLargePagesIndividualAllocation        = false                                  {pd product} {ergonomic}

Logging:
Log output configuration:
 #0: stdout all=warning uptime,level,tags foldmultilines=false
 #1: stderr all=off uptime,level,tags foldmultilines=false

Environment Variables:
JAVA_HOME=C:\Program Files\Java\jdk-21\bin
PATH=C:\sts-4.22.0.RELEASE\plugins\org.eclipse.justj.openjdk.hotspot.jre.full.win32.x86_64_21.0.6.v20250130-0529\jre\bin;C:/sts-4.22.0.RELEASE//plugins/org.eclipse.justj.openjdk.hotspot.jre.full.win32.x86_64_21.0.6.v20250130-0529/jre/bin/server;C:/sts-4.22.0.RELEASE//plugins/org.eclipse.justj.openjdk.hotspot.jre.full.win32.x86_64_21.0.6.v20250130-0529/jre/bin;C:\Python314\Scripts\;C:\Python314\;C:\Program Files\Common Files\Oracle\Java\javapath;C:\oraclexe\app\oracle\product\10.2.0\server\bin;C:\Users\91630\AppData\Local\Programs\Python\Python311\Scripts\;C:\Users\91630\AppData\Local\Programs\Python\Python311\;C:\Windows\system32;C:\Windows;C:\Windows\System32\Wbem;C:\Windows\System32\WindowsPowerShell\v1.0\;C:\Windows\System32\OpenSSH\;C:\Program Files (x86)\NVIDIA Corporation\PhysX\Common;C:\Program Files\NVIDIA Corporation\NVIDIA NvDLISR;C:\WINDOWS\system32;C:\WINDOWS;C:\WINDOWS\System32\Wbem;C:\WINDOWS\System32\WindowsPowerShell\v1.0\;C:\WINDOWS\System32\OpenSSH\;C:\Program Files\Java\jdk1.8.0_121\bin;C:\ProgramData\chocolatey\bin;C:\Program Files\MongoDB\mongosh-2.1.1-win32-x64\bin;C:\Program Files\MySQL\MySQL Server 8.0\bin;C:\Program Files\Git\cmd;C:\Program Files\PuTTY\;C:\Program Files\nodejs\;C:\Program Files\MySQL\MySQL Shell 8.0\bin\;C:\Users\91630\AppData\Local\Programs\Python\Launcher\;C:\Users\91630\AppData\Local\Microsoft\WindowsApps;C:\Program Files\JetBrains\IntelliJ IDEA 2022.2\bin;;C:\Program Files\JetBrains\IntelliJ IDEA Community Edition 2021.3\bin;;C:\Program Files (x86)\Brackets\;C:\Program Files\MongoDB\mongosh-2.1.1-win32-x64\bin;C:\Program Files\MySQL\MySQL Server 8.0\bin;C:\Program Files\Java\jdk-18.0.2.1\bin;C:\Program Files\mysql-connector-j-9.2.0\mysql-connector-j-9.2.0;C:\Users\91630\Downloads\flutter_windows_3.29.2-stable\flutter\bin;C:\Users\91630\AppData\Roaming\npm\node_modules\firebase-tools\lib;C:\Users\91630\AppData\Local\Pub\Cache\bin;C:\Users\91630\AppData\Roaming\npm;C:\Users\91630\AppData\Local\Programs\Microsoft VS Code\bin;C:\sts-4.22.0.RELEASE;
USERNAME=91630
OS=Windows_NT
PROCESSOR_IDENTIFIER=Intel64 Family 6 Model 165 Stepping 2, GenuineIntel
TMP=C:\Users\91630\AppData\Local\Temp
TEMP=C:\Users\91630\AppData\Local\Temp




Periodic native trim disabled

---------------  S Y S T E M  ---------------

OS:
 Windows 11 , 64 bit Build 26100 (10.0.26100.7705)
OS uptime: 1 days 3:54 hours

CPU: total 8 (initial active 8) (4 cores per cpu, 2 threads per core) family 6 model 165 stepping 2 microcode 0xe0, cx8, cmov, fxsr, ht, mmx, 3dnowpref, sse, sse2, sse3, ssse3, sse4.1, sse4.2, popcnt, lzcnt, tsc, tscinvbit, avx, avx2, aes, erms, clmul, bmi1, bmi2, adx, fma, vzeroupper, clflush, clflushopt, rdtscp, f16c, pku
Processor Information for the first 8 processors :
  Max Mhz: 2496, Current Mhz: 2496, Mhz Limit: 2496

Memory: 4k page, system-wide physical 8029M (991M free)
TotalPageFile size 21341M (AvailPageFile size 4744M)
current process WorkingSet (physical memory assigned to process): 256M, peak: 288M
current process commit charge ("private bytes"): 323M, peak: 336M

vm_info: OpenJDK 64-Bit Server VM (21.0.6+7-LTS) for windows-amd64 JRE (21.0.6+7-LTS), built on 2025-01-21T00:00:00Z by "admin" with MS VC++ 17.7 (VS2022)

END.
